<?xml version="1.0" encoding="UTF-8"?>
<testsuite name="uk.ac.reigate.services.EthnicityServiceTest" tests="7" skipped="0" failures="0" errors="0" timestamp="2018-08-30T15:11:43" hostname="CCD102873" time="0.018">
  <properties/>
  <testcase name="testSaveEthnicityByFields_WithId" classname="uk.ac.reigate.services.EthnicityServiceTest" time="0.012"/>
  <testcase name="testSaveEthnicity" classname="uk.ac.reigate.services.EthnicityServiceTest" time="0.0"/>
  <testcase name="testSaveEthnicities" classname="uk.ac.reigate.services.EthnicityServiceTest" time="0.003"/>
  <testcase name="testFindEthnicities" classname="uk.ac.reigate.services.EthnicityServiceTest" time="0.001"/>
  <testcase name="testSaveNewEthnicity" classname="uk.ac.reigate.services.EthnicityServiceTest" time="0.0"/>
  <testcase name="testFindEthnicity" classname="uk.ac.reigate.services.EthnicityServiceTest" time="0.001"/>
  <testcase name="testSaveEthnicityByFields_WithNullId" classname="uk.ac.reigate.services.EthnicityServiceTest" time="0.001"/>
  <system-out><![CDATA[]]></system-out>
  <system-err><![CDATA[]]></system-err>
</testsuite>
