<?xml version="1.0" encoding="UTF-8"?>
<testsuite name="uk.ac.reigate.services.FacultyServiceTest" tests="4" skipped="0" failures="0" errors="0" timestamp="2018-08-30T15:11:43" hostname="CCD102873" time="0.011">
  <properties/>
  <testcase name="testSaveFaculty" classname="uk.ac.reigate.services.FacultyServiceTest" time="0.008"/>
  <testcase name="testFindFaculty" classname="uk.ac.reigate.services.FacultyServiceTest" time="0.001"/>
  <testcase name="testFindFacultyById" classname="uk.ac.reigate.services.FacultyServiceTest" time="0.001"/>
  <testcase name="testSaveNewFaculty" classname="uk.ac.reigate.services.FacultyServiceTest" time="0.001"/>
  <system-out><![CDATA[]]></system-out>
  <system-err><![CDATA[]]></system-err>
</testsuite>
