<?xml version="1.0" encoding="UTF-8"?>
<testsuite name="uk.ac.reigate.services.ContactServiceTest" tests="4" skipped="0" failures="0" errors="0" timestamp="2018-08-30T15:11:43" hostname="CCD102873" time="0.018">
  <properties/>
  <testcase name="testSaveNewContact" classname="uk.ac.reigate.services.ContactServiceTest" time="0.015"/>
  <testcase name="testSaveContact" classname="uk.ac.reigate.services.ContactServiceTest" time="0.001"/>
  <testcase name="testFindContact" classname="uk.ac.reigate.services.ContactServiceTest" time="0.001"/>
  <testcase name="testFindContactById" classname="uk.ac.reigate.services.ContactServiceTest" time="0.001"/>
  <system-out><![CDATA[]]></system-out>
  <system-err><![CDATA[]]></system-err>
</testsuite>
