<?xml version="1.0" encoding="UTF-8"?>
<testsuite name="uk.ac.reigate.services.LearningSupportCostCategoryServiceTest" tests="7" skipped="0" failures="0" errors="0" timestamp="2018-08-30T15:11:43" hostname="CCD102873" time="0.018">
  <properties/>
  <testcase name="testSaveLearningSupportCostCategoryByFields_WithNullId" classname="uk.ac.reigate.services.LearningSupportCostCategoryServiceTest" time="0.011"/>
  <testcase name="testFindLearningSupportCostCategorys" classname="uk.ac.reigate.services.LearningSupportCostCategoryServiceTest" time="0.001"/>
  <testcase name="testSaveNewLearningSupportCostCategory" classname="uk.ac.reigate.services.LearningSupportCostCategoryServiceTest" time="0.0"/>
  <testcase name="testSaveLearningSupportCostCategoryByFields_WithId" classname="uk.ac.reigate.services.LearningSupportCostCategoryServiceTest" time="0.002"/>
  <testcase name="testFindLearningSupportCostCategory" classname="uk.ac.reigate.services.LearningSupportCostCategoryServiceTest" time="0.001"/>
  <testcase name="testSaveLearningSupportCostCategorys" classname="uk.ac.reigate.services.LearningSupportCostCategoryServiceTest" time="0.002"/>
  <testcase name="testSaveLearningSupportCostCategory" classname="uk.ac.reigate.services.LearningSupportCostCategoryServiceTest" time="0.001"/>
  <system-out><![CDATA[]]></system-out>
  <system-err><![CDATA[]]></system-err>
</testsuite>
