<?xml version="1.0" encoding="UTF-8"?>
<testsuite name="uk.ac.reigate.dto.CourseGroupDtoTest" tests="8" skipped="0" failures="0" errors="0" timestamp="2018-08-30T15:11:41" hostname="CCD102873" time="0.037">
  <properties/>
  <testcase name="testHashCode_Different" classname="uk.ac.reigate.dto.CourseGroupDtoTest" time="0.021"/>
  <testcase name="testEquals_Different" classname="uk.ac.reigate.dto.CourseGroupDtoTest" time="0.001"/>
  <testcase name="testHashCode_Same" classname="uk.ac.reigate.dto.CourseGroupDtoTest" time="0.001"/>
  <testcase name="testEquals_Same" classname="uk.ac.reigate.dto.CourseGroupDtoTest" time="0.001"/>
  <testcase name="testMapFromCourseGroupEntity" classname="uk.ac.reigate.dto.CourseGroupDtoTest" time="0.002"/>
  <testcase name="testMapToCourseGroupEntity" classname="uk.ac.reigate.dto.CourseGroupDtoTest" time="0.002"/>
  <testcase name="testConstructor_CourseGroup" classname="uk.ac.reigate.dto.CourseGroupDtoTest" time="0.002"/>
  <testcase name="testMapFromCourseGroupsEntities" classname="uk.ac.reigate.dto.CourseGroupDtoTest" time="0.006"/>
  <system-out><![CDATA[]]></system-out>
  <system-err><![CDATA[]]></system-err>
</testsuite>
