<?xml version="1.0" encoding="UTF-8"?>
<testsuite name="uk.ac.reigate.dto.PossibleGradeDtoTest" tests="8" skipped="0" failures="0" errors="0" timestamp="2018-08-30T15:11:42" hostname="CCD102873" time="0.013">
  <properties/>
  <testcase name="testHashCode_Different" classname="uk.ac.reigate.dto.PossibleGradeDtoTest" time="0.006"/>
  <testcase name="testEquals_Different" classname="uk.ac.reigate.dto.PossibleGradeDtoTest" time="0.0"/>
  <testcase name="testHashCode_Same" classname="uk.ac.reigate.dto.PossibleGradeDtoTest" time="0.0"/>
  <testcase name="testConstructor_PossibleGrade" classname="uk.ac.reigate.dto.PossibleGradeDtoTest" time="0.003"/>
  <testcase name="testEquals_Same" classname="uk.ac.reigate.dto.PossibleGradeDtoTest" time="0.0"/>
  <testcase name="testMapFromPossibleGradeEntityTest" classname="uk.ac.reigate.dto.PossibleGradeDtoTest" time="0.001"/>
  <testcase name="testMapToPossibleGradeEntityTest" classname="uk.ac.reigate.dto.PossibleGradeDtoTest" time="0.001"/>
  <testcase name="testMapFromPossibleGradesEntitiesTest" classname="uk.ac.reigate.dto.PossibleGradeDtoTest" time="0.002"/>
  <system-out><![CDATA[]]></system-out>
  <system-err><![CDATA[]]></system-err>
</testsuite>
