<?xml version="1.0" encoding="UTF-8"?>
<testsuite name="uk.ac.reigate.dto.CorrespondenceDtoTest" tests="9" skipped="0" failures="0" errors="0" timestamp="2018-08-30T15:11:41" hostname="CCD102873" time="0.039">
  <properties/>
  <testcase name="testMapToCorrespondenceEntity" classname="uk.ac.reigate.dto.CorrespondenceDtoTest" time="0.025"/>
  <testcase name="testHashCode_Different" classname="uk.ac.reigate.dto.CorrespondenceDtoTest" time="0.003"/>
  <testcase name="testEquals_Different" classname="uk.ac.reigate.dto.CorrespondenceDtoTest" time="0.001"/>
  <testcase name="testHashCode_Same" classname="uk.ac.reigate.dto.CorrespondenceDtoTest" time="0.001"/>
  <testcase name="testConstructor_correspondence" classname="uk.ac.reigate.dto.CorrespondenceDtoTest" time="0.001"/>
  <testcase name="testEquals_Same" classname="uk.ac.reigate.dto.CorrespondenceDtoTest" time="0.0"/>
  <testcase name="testMapFromCorrespondencesEntities" classname="uk.ac.reigate.dto.CorrespondenceDtoTest" time="0.004"/>
  <testcase name="testMapFromCorrespondenceEntity" classname="uk.ac.reigate.dto.CorrespondenceDtoTest" time="0.004"/>
  <testcase name="testConstructor_Correspondence" classname="uk.ac.reigate.dto.CorrespondenceDtoTest" time="0.0"/>
  <system-out><![CDATA[]]></system-out>
  <system-err><![CDATA[]]></system-err>
</testsuite>
