<?xml version="1.0" encoding="UTF-8"?>
<testsuite name="uk.ac.reigate.services.SpecialCategoryServiceTest" tests="7" skipped="0" failures="0" errors="0" timestamp="2018-08-30T15:11:44" hostname="CCD102873" time="0.015">
  <properties/>
  <testcase name="testSaveSpecialCategoryByFields_WithId" classname="uk.ac.reigate.services.SpecialCategoryServiceTest" time="0.01"/>
  <testcase name="testSaveSpecialCategories" classname="uk.ac.reigate.services.SpecialCategoryServiceTest" time="0.002"/>
  <testcase name="testSaveSpecialCategoryByFields_WithNullId" classname="uk.ac.reigate.services.SpecialCategoryServiceTest" time="0.0"/>
  <testcase name="testSaveSpecialCategory" classname="uk.ac.reigate.services.SpecialCategoryServiceTest" time="0.0"/>
  <testcase name="testSaveNewSpecialCategory" classname="uk.ac.reigate.services.SpecialCategoryServiceTest" time="0.001"/>
  <testcase name="testFindSpecialCategories" classname="uk.ac.reigate.services.SpecialCategoryServiceTest" time="0.0"/>
  <testcase name="testFindSpecialCategory" classname="uk.ac.reigate.services.SpecialCategoryServiceTest" time="0.001"/>
  <system-out><![CDATA[]]></system-out>
  <system-err><![CDATA[]]></system-err>
</testsuite>
