<?xml version="1.0" encoding="UTF-8"?>
<testsuite name="uk.ac.reigate.services.SchoolReportStatusServiceTest" tests="7" skipped="0" failures="0" errors="0" timestamp="2018-08-30T15:11:44" hostname="CCD102873" time="0.011">
  <properties/>
  <testcase name="testSaveSchoolReportStatusByFields_WithId" classname="uk.ac.reigate.services.SchoolReportStatusServiceTest" time="0.007"/>
  <testcase name="testSaveSchoolReportStatuss" classname="uk.ac.reigate.services.SchoolReportStatusServiceTest" time="0.002"/>
  <testcase name="testFindSchoolReportStatuss" classname="uk.ac.reigate.services.SchoolReportStatusServiceTest" time="0.001"/>
  <testcase name="testFindSchoolReportStatus" classname="uk.ac.reigate.services.SchoolReportStatusServiceTest" time="0.0"/>
  <testcase name="testSaveNewSchoolReportStatus" classname="uk.ac.reigate.services.SchoolReportStatusServiceTest" time="0.0"/>
  <testcase name="testSaveSchoolReportStatus" classname="uk.ac.reigate.services.SchoolReportStatusServiceTest" time="0.0"/>
  <testcase name="testSaveSchoolReportStatusByFields_WithNullId" classname="uk.ac.reigate.services.SchoolReportStatusServiceTest" time="0.0"/>
  <system-out><![CDATA[]]></system-out>
  <system-err><![CDATA[]]></system-err>
</testsuite>
