<?xml version="1.0" encoding="UTF-8"?>
<testsuite name="uk.ac.reigate.services.OutcomeServiceTest" tests="7" skipped="0" failures="0" errors="0" timestamp="2018-08-30T15:11:44" hostname="CCD102873" time="0.015">
  <properties/>
  <testcase name="testSaveOutcome" classname="uk.ac.reigate.services.OutcomeServiceTest" time="0.009"/>
  <testcase name="testFindOutcome" classname="uk.ac.reigate.services.OutcomeServiceTest" time="0.001"/>
  <testcase name="testSaveOutcomeByFields_WithId" classname="uk.ac.reigate.services.OutcomeServiceTest" time="0.001"/>
  <testcase name="testSaveNewOutcome" classname="uk.ac.reigate.services.OutcomeServiceTest" time="0.0"/>
  <testcase name="testSaveOutcomes" classname="uk.ac.reigate.services.OutcomeServiceTest" time="0.002"/>
  <testcase name="testFindOutcomes" classname="uk.ac.reigate.services.OutcomeServiceTest" time="0.001"/>
  <testcase name="testSaveOutcomeByFields_WithNullId" classname="uk.ac.reigate.services.OutcomeServiceTest" time="0.001"/>
  <system-out><![CDATA[]]></system-out>
  <system-err><![CDATA[]]></system-err>
</testsuite>
