<?xml version="1.0" encoding="UTF-8"?>
<testsuite name="uk.ac.reigate.services.CollegeFundPaymentServiceTest" tests="4" skipped="0" failures="0" errors="0" timestamp="2018-08-30T15:11:43" hostname="CCD102873" time="0.04">
  <properties/>
  <testcase name="testSaveCollegeFundPayment" classname="uk.ac.reigate.services.CollegeFundPaymentServiceTest" time="0.034"/>
  <testcase name="testFindCollegeFundPayments" classname="uk.ac.reigate.services.CollegeFundPaymentServiceTest" time="0.004"/>
  <testcase name="testFindCollegeFundPayment" classname="uk.ac.reigate.services.CollegeFundPaymentServiceTest" time="0.001"/>
  <testcase name="testSaveNewCollegeFundPayment" classname="uk.ac.reigate.services.CollegeFundPaymentServiceTest" time="0.0"/>
  <system-out><![CDATA[]]></system-out>
  <system-err><![CDATA[]]></system-err>
</testsuite>
