<?xml version="1.0" encoding="UTF-8"?>
<testsuite name="uk.ac.reigate.services.TitleServiceTest" tests="7" skipped="0" failures="0" errors="0" timestamp="2018-08-30T15:11:44" hostname="CCD102873" time="0.014">
  <properties/>
  <testcase name="testSaveNewTitle" classname="uk.ac.reigate.services.TitleServiceTest" time="0.008"/>
  <testcase name="testSaveTitleByFields_WithNullId" classname="uk.ac.reigate.services.TitleServiceTest" time="0.001"/>
  <testcase name="testSaveTitleByFields_WithId" classname="uk.ac.reigate.services.TitleServiceTest" time="0.001"/>
  <testcase name="testFindTitles" classname="uk.ac.reigate.services.TitleServiceTest" time="0.0"/>
  <testcase name="testSaveTitles" classname="uk.ac.reigate.services.TitleServiceTest" time="0.002"/>
  <testcase name="testSaveTitle" classname="uk.ac.reigate.services.TitleServiceTest" time="0.0"/>
  <testcase name="testFindTitle" classname="uk.ac.reigate.services.TitleServiceTest" time="0.001"/>
  <system-out><![CDATA[]]></system-out>
  <system-err><![CDATA[]]></system-err>
</testsuite>
