<?xml version="1.0" encoding="UTF-8"?>
<testsuite name="uk.ac.reigate.services.ReferralReasonServiceTest" tests="5" skipped="0" failures="0" errors="0" timestamp="2018-08-30T15:11:44" hostname="CCD102873" time="0.014">
  <properties/>
  <testcase name="testFindReferralReasons" classname="uk.ac.reigate.services.ReferralReasonServiceTest" time="0.009"/>
  <testcase name="testSaveReferralReason" classname="uk.ac.reigate.services.ReferralReasonServiceTest" time="0.001"/>
  <testcase name="testSaveReferralReasons" classname="uk.ac.reigate.services.ReferralReasonServiceTest" time="0.003"/>
  <testcase name="testFindReferralReason" classname="uk.ac.reigate.services.ReferralReasonServiceTest" time="0.0"/>
  <testcase name="testSaveNewReferralReason" classname="uk.ac.reigate.services.ReferralReasonServiceTest" time="0.0"/>
  <system-out><![CDATA[]]></system-out>
  <system-err><![CDATA[]]></system-err>
</testsuite>
