<?xml version="1.0" encoding="UTF-8"?>
<testsuite name="uk.ac.reigate.services.LLDDHealthProblemServiceTest" tests="7" skipped="0" failures="0" errors="0" timestamp="2018-08-30T15:11:43" hostname="CCD102873" time="0.018">
  <properties/>
  <testcase name="testSaveLLDDHealthProblemByFields_WithNullId" classname="uk.ac.reigate.services.LLDDHealthProblemServiceTest" time="0.009"/>
  <testcase name="testFindLLDDHealthProblems" classname="uk.ac.reigate.services.LLDDHealthProblemServiceTest" time="0.001"/>
  <testcase name="testSaveLLDDHealthProblem" classname="uk.ac.reigate.services.LLDDHealthProblemServiceTest" time="0.0"/>
  <testcase name="testSaveLLDDHealthProblems" classname="uk.ac.reigate.services.LLDDHealthProblemServiceTest" time="0.002"/>
  <testcase name="testFindLLDDHealthProblem" classname="uk.ac.reigate.services.LLDDHealthProblemServiceTest" time="0.001"/>
  <testcase name="testSaveLLDDHealthProblemByFields_WithId" classname="uk.ac.reigate.services.LLDDHealthProblemServiceTest" time="0.004"/>
  <testcase name="testSaveNewLLDDHealthProblem" classname="uk.ac.reigate.services.LLDDHealthProblemServiceTest" time="0.001"/>
  <system-out><![CDATA[]]></system-out>
  <system-err><![CDATA[]]></system-err>
</testsuite>
