<?xml version="1.0" encoding="UTF-8"?>
<testsuite name="uk.ac.reigate.services.AimTypeServiceTest" tests="6" skipped="0" failures="0" errors="0" timestamp="2018-08-30T15:11:43" hostname="CCD102873" time="0.034">
  <properties/>
  <testcase name="testFindAimType" classname="uk.ac.reigate.services.AimTypeServiceTest" time="0.009"/>
  <testcase name="testSaveAimTypes" classname="uk.ac.reigate.services.AimTypeServiceTest" time="0.003"/>
  <testcase name="testFindAimTypes" classname="uk.ac.reigate.services.AimTypeServiceTest" time="0.001"/>
  <testcase name="testSaveNewAimType" classname="uk.ac.reigate.services.AimTypeServiceTest" time="0.001"/>
  <testcase name="testSaveAimTypeByFields_WithNullId" classname="uk.ac.reigate.services.AimTypeServiceTest" time="0.015"/>
  <testcase name="testSaveAimTypeByFields_WithId" classname="uk.ac.reigate.services.AimTypeServiceTest" time="0.005"/>
  <system-out><![CDATA[]]></system-out>
  <system-err><![CDATA[]]></system-err>
</testsuite>
