<?xml version="1.0" encoding="UTF-8"?>
<testsuite name="uk.ac.reigate.services.PeriodServiceTest" tests="4" skipped="0" failures="0" errors="0" timestamp="2018-08-30T15:11:44" hostname="CCD102873" time="0.012">
  <properties/>
  <testcase name="testFindPeriodById" classname="uk.ac.reigate.services.PeriodServiceTest" time="0.01"/>
  <testcase name="testSaveNewPeriod" classname="uk.ac.reigate.services.PeriodServiceTest" time="0.001"/>
  <testcase name="testFindPeriod" classname="uk.ac.reigate.services.PeriodServiceTest" time="0.001"/>
  <testcase name="testSavePeriod" classname="uk.ac.reigate.services.PeriodServiceTest" time="0.0"/>
  <system-out><![CDATA[]]></system-out>
  <system-err><![CDATA[]]></system-err>
</testsuite>
