<?xml version="1.0" encoding="UTF-8"?>
<testsuite name="uk.ac.reigate.services.EnglishConditionOfFundingServiceTest" tests="6" skipped="0" failures="0" errors="0" timestamp="2018-08-30T15:11:43" hostname="CCD102873" time="0.021">
  <properties/>
  <testcase name="testSaveNewEnglishConditionOfFunding" classname="uk.ac.reigate.services.EnglishConditionOfFundingServiceTest" time="0.012"/>
  <testcase name="testFindEnglishConditionOfFundings" classname="uk.ac.reigate.services.EnglishConditionOfFundingServiceTest" time="0.001"/>
  <testcase name="testSaveEnglishConditionOfFundingByFields_WithId" classname="uk.ac.reigate.services.EnglishConditionOfFundingServiceTest" time="0.001"/>
  <testcase name="testSaveEnglishConditionOfFundingByFields_WithNullId" classname="uk.ac.reigate.services.EnglishConditionOfFundingServiceTest" time="0.001"/>
  <testcase name="testSaveEnglishConditionOfFundings" classname="uk.ac.reigate.services.EnglishConditionOfFundingServiceTest" time="0.004"/>
  <testcase name="testFindEnglishConditionOfFunding" classname="uk.ac.reigate.services.EnglishConditionOfFundingServiceTest" time="0.002"/>
  <system-out><![CDATA[]]></system-out>
  <system-err><![CDATA[]]></system-err>
</testsuite>
