<?xml version="1.0" encoding="UTF-8"?>
<testsuite name="uk.ac.reigate.services.RegisterServiceTest" tests="4" skipped="0" failures="0" errors="0" timestamp="2018-08-30T15:11:44" hostname="CCD102873" time="0.053">
  <properties/>
  <testcase name="testSaveRegister" classname="uk.ac.reigate.services.RegisterServiceTest" time="0.051"/>
  <testcase name="testFindRegister" classname="uk.ac.reigate.services.RegisterServiceTest" time="0.001"/>
  <testcase name="testFindRegisterById" classname="uk.ac.reigate.services.RegisterServiceTest" time="0.001"/>
  <testcase name="testSaveNewRegister" classname="uk.ac.reigate.services.RegisterServiceTest" time="0.0"/>
  <system-out><![CDATA[]]></system-out>
  <system-err><![CDATA[]]></system-err>
</testsuite>
