<?xml version="1.0" encoding="UTF-8"?>
<testsuite name="uk.ac.reigate.services.NationalityServiceTest" tests="7" skipped="0" failures="0" errors="0" timestamp="2018-08-30T15:11:43" hostname="CCD102873" time="0.011">
  <properties/>
  <testcase name="testSaveNationalityByFields_WithNullId" classname="uk.ac.reigate.services.NationalityServiceTest" time="0.007"/>
  <testcase name="testSaveNationalities" classname="uk.ac.reigate.services.NationalityServiceTest" time="0.001"/>
  <testcase name="testSaveNationalityByFields_WithId" classname="uk.ac.reigate.services.NationalityServiceTest" time="0.001"/>
  <testcase name="testSaveNewNationality" classname="uk.ac.reigate.services.NationalityServiceTest" time="0.001"/>
  <testcase name="testFindNationalities" classname="uk.ac.reigate.services.NationalityServiceTest" time="0.0"/>
  <testcase name="testSaveNationality" classname="uk.ac.reigate.services.NationalityServiceTest" time="0.0"/>
  <testcase name="testFindNationality" classname="uk.ac.reigate.services.NationalityServiceTest" time="0.001"/>
  <system-out><![CDATA[]]></system-out>
  <system-err><![CDATA[]]></system-err>
</testsuite>
