<?xml version="1.0" encoding="UTF-8"?>
<testsuite name="uk.ac.reigate.dto.AimTypeDtoTest" tests="9" skipped="0" failures="0" errors="0" timestamp="2018-08-30T15:11:41" hostname="CCD102873" time="0.021">
  <properties/>
  <testcase name="testHashCode_Different" classname="uk.ac.reigate.dto.AimTypeDtoTest" time="0.01"/>
  <testcase name="testEquals_Different" classname="uk.ac.reigate.dto.AimTypeDtoTest" time="0.001"/>
  <testcase name="testHashCode_Same" classname="uk.ac.reigate.dto.AimTypeDtoTest" time="0.001"/>
  <testcase name="testEquals_Same" classname="uk.ac.reigate.dto.AimTypeDtoTest" time="0.001"/>
  <testcase name="testConstructor_AimType" classname="uk.ac.reigate.dto.AimTypeDtoTest" time="0.001"/>
  <testcase name="testMapFromAimTypeEntityTest" classname="uk.ac.reigate.dto.AimTypeDtoTest" time="0.001"/>
  <testcase name="testConstructor_aimType" classname="uk.ac.reigate.dto.AimTypeDtoTest" time="0.001"/>
  <testcase name="testMapFromAimTypesEntitiesTest" classname="uk.ac.reigate.dto.AimTypeDtoTest" time="0.003"/>
  <testcase name="testMapToAimTypeEntityTest" classname="uk.ac.reigate.dto.AimTypeDtoTest" time="0.002"/>
  <system-out><![CDATA[]]></system-out>
  <system-err><![CDATA[]]></system-err>
</testsuite>
