<?xml version="1.0" encoding="UTF-8"?>
<testsuite name="uk.ac.reigate.services.AcademicYearServiceTest" tests="4" skipped="0" failures="0" errors="0" timestamp="2018-08-30T15:11:43" hostname="CCD102873" time="0.208">
  <properties/>
  <testcase name="testFindAcademicYear" classname="uk.ac.reigate.services.AcademicYearServiceTest" time="0.203"/>
  <testcase name="testSaveAcademicYears" classname="uk.ac.reigate.services.AcademicYearServiceTest" time="0.002"/>
  <testcase name="testSaveNewAcademicYear" classname="uk.ac.reigate.services.AcademicYearServiceTest" time="0.001"/>
  <testcase name="testFindAcademicYears" classname="uk.ac.reigate.services.AcademicYearServiceTest" time="0.001"/>
  <system-out><![CDATA[]]></system-out>
  <system-err><![CDATA[]]></system-err>
</testsuite>
