<?xml version="1.0" encoding="UTF-8"?>
<testsuite name="uk.ac.reigate.services.RegisteredSessionServiceTest" tests="4" skipped="0" failures="0" errors="0" timestamp="2018-08-30T15:11:44" hostname="CCD102873" time="0.015">
  <properties/>
  <testcase name="testFindSession" classname="uk.ac.reigate.services.RegisteredSessionServiceTest" time="0.012"/>
  <testcase name="testSaveNewSession" classname="uk.ac.reigate.services.RegisteredSessionServiceTest" time="0.001"/>
  <testcase name="testFindSessionById" classname="uk.ac.reigate.services.RegisteredSessionServiceTest" time="0.001"/>
  <testcase name="testSaveSession" classname="uk.ac.reigate.services.RegisteredSessionServiceTest" time="0.001"/>
  <system-out><![CDATA[]]></system-out>
  <system-err><![CDATA[]]></system-err>
</testsuite>
