<?xml version="1.0" encoding="UTF-8"?>
<testsuite name="uk.ac.reigate.services.FundingModelServiceTest" tests="7" skipped="0" failures="0" errors="0" timestamp="2018-08-30T15:11:43" hostname="CCD102873" time="0.019">
  <properties/>
  <testcase name="testSaveFundingModelByFields_WithId" classname="uk.ac.reigate.services.FundingModelServiceTest" time="0.012"/>
  <testcase name="testFindFundingModel" classname="uk.ac.reigate.services.FundingModelServiceTest" time="0.001"/>
  <testcase name="testSaveFundingModelByFields_WithNullId" classname="uk.ac.reigate.services.FundingModelServiceTest" time="0.001"/>
  <testcase name="testSaveNewFundingModel" classname="uk.ac.reigate.services.FundingModelServiceTest" time="0.0"/>
  <testcase name="testSaveFundingModels" classname="uk.ac.reigate.services.FundingModelServiceTest" time="0.003"/>
  <testcase name="testFindFundingModels" classname="uk.ac.reigate.services.FundingModelServiceTest" time="0.001"/>
  <testcase name="testSaveFundingModel" classname="uk.ac.reigate.services.FundingModelServiceTest" time="0.0"/>
  <system-out><![CDATA[]]></system-out>
  <system-err><![CDATA[]]></system-err>
</testsuite>
