<?xml version="1.0" encoding="UTF-8"?>
<testsuite name="uk.ac.reigate.dto.LetterDtoTest" tests="7" skipped="0" failures="0" errors="0" timestamp="2018-08-30T15:11:42" hostname="CCD102873" time="0.012">
  <properties/>
  <testcase name="testHashCode_Different" classname="uk.ac.reigate.dto.LetterDtoTest" time="0.005"/>
  <testcase name="testEquals_Different" classname="uk.ac.reigate.dto.LetterDtoTest" time="0.001"/>
  <testcase name="testHashCode_Same" classname="uk.ac.reigate.dto.LetterDtoTest" time="0.001"/>
  <testcase name="testEquals_Same" classname="uk.ac.reigate.dto.LetterDtoTest" time="0.0"/>
  <testcase name="testConstructor_Letter" classname="uk.ac.reigate.dto.LetterDtoTest" time="0.0"/>
  <testcase name="testMapFromLetterEntity" classname="uk.ac.reigate.dto.LetterDtoTest" time="0.001"/>
  <testcase name="testMapFromLettersEntities" classname="uk.ac.reigate.dto.LetterDtoTest" time="0.002"/>
  <system-out><![CDATA[]]></system-out>
  <system-err><![CDATA[]]></system-err>
</testsuite>
