<?xml version="1.0" encoding="UTF-8"?>
<testsuite name="uk.ac.reigate.dto.AcademicYearDtoTest" tests="10" skipped="0" failures="0" errors="0" timestamp="2018-08-30T15:11:41" hostname="CCD102873" time="0.157">
  <properties/>
  <testcase name="testHashCode_Different" classname="uk.ac.reigate.dto.AcademicYearDtoTest" time="0.102"/>
  <testcase name="testEquals_Different" classname="uk.ac.reigate.dto.AcademicYearDtoTest" time="0.005"/>
  <testcase name="testHashCode_Same" classname="uk.ac.reigate.dto.AcademicYearDtoTest" time="0.001"/>
  <testcase name="testMapFromAcademicYearsEntities" classname="uk.ac.reigate.dto.AcademicYearDtoTest" time="0.036"/>
  <testcase name="testEquals_Same" classname="uk.ac.reigate.dto.AcademicYearDtoTest" time="0.0"/>
  <testcase name="testConstructor_academicYear" classname="uk.ac.reigate.dto.AcademicYearDtoTest" time="0.0"/>
  <testcase name="testConstructor_AcademicYear" classname="uk.ac.reigate.dto.AcademicYearDtoTest" time="0.002"/>
  <testcase name="testMapToAcademicYearEntity" classname="uk.ac.reigate.dto.AcademicYearDtoTest" time="0.003"/>
  <testcase name="testMapToEntity" classname="uk.ac.reigate.dto.AcademicYearDtoTest" time="0.003"/>
  <testcase name="testMapFromAcademicYearEntity" classname="uk.ac.reigate.dto.AcademicYearDtoTest" time="0.002"/>
  <system-out><![CDATA[]]></system-out>
  <system-err><![CDATA[]]></system-err>
</testsuite>
