<?xml version="1.0" encoding="UTF-8"?>
<testsuite name="uk.ac.reigate.services.CourseGroupServiceTest" tests="4" skipped="0" failures="0" errors="0" timestamp="2018-08-30T15:11:43" hostname="CCD102873" time="0.021">
  <properties/>
  <testcase name="testSaveNewCourseGroup" classname="uk.ac.reigate.services.CourseGroupServiceTest" time="0.02"/>
  <testcase name="testFindCourseGroupById" classname="uk.ac.reigate.services.CourseGroupServiceTest" time="0.001"/>
  <testcase name="testSaveCourseGroup" classname="uk.ac.reigate.services.CourseGroupServiceTest" time="0.0"/>
  <testcase name="testFindCourseGroup" classname="uk.ac.reigate.services.CourseGroupServiceTest" time="0.0"/>
  <system-out><![CDATA[]]></system-out>
  <system-err><![CDATA[]]></system-err>
</testsuite>
