<?xml version="1.0" encoding="UTF-8"?>
<testsuite name="uk.ac.reigate.services.YearGroupServiceTest" tests="7" skipped="0" failures="0" errors="0" timestamp="2018-08-30T15:11:44" hostname="CCD102873" time="0.011">
  <properties/>
  <testcase name="testSaveYearGroups" classname="uk.ac.reigate.services.YearGroupServiceTest" time="0.009"/>
  <testcase name="testSaveYearGroupByFields_WithNullId" classname="uk.ac.reigate.services.YearGroupServiceTest" time="0.001"/>
  <testcase name="testSaveYearGroupByFields_WithId" classname="uk.ac.reigate.services.YearGroupServiceTest" time="0.0"/>
  <testcase name="testFindYearGroups" classname="uk.ac.reigate.services.YearGroupServiceTest" time="0.0"/>
  <testcase name="testSaveYearGroup" classname="uk.ac.reigate.services.YearGroupServiceTest" time="0.001"/>
  <testcase name="testSaveNewYearGroup" classname="uk.ac.reigate.services.YearGroupServiceTest" time="0.0"/>
  <testcase name="testFindYearGroup" classname="uk.ac.reigate.services.YearGroupServiceTest" time="0.0"/>
  <system-out><![CDATA[]]></system-out>
  <system-err><![CDATA[]]></system-err>
</testsuite>
