<?xml version="1.0" encoding="UTF-8"?>
<testsuite name="uk.ac.reigate.services.SettingServiceTest" tests="4" skipped="0" failures="0" errors="0" timestamp="2018-08-30T15:11:44" hostname="CCD102873" time="0.013">
  <properties/>
  <testcase name="testFindSetting" classname="uk.ac.reigate.services.SettingServiceTest" time="0.011"/>
  <testcase name="testSaveNewSetting" classname="uk.ac.reigate.services.SettingServiceTest" time="0.001"/>
  <testcase name="testFindSettingById" classname="uk.ac.reigate.services.SettingServiceTest" time="0.001"/>
  <testcase name="testSaveSetting" classname="uk.ac.reigate.services.SettingServiceTest" time="0.0"/>
  <system-out><![CDATA[]]></system-out>
  <system-err><![CDATA[]]></system-err>
</testsuite>
