<?xml version="1.0" encoding="UTF-8"?>
<testsuite name="uk.ac.reigate.services.SchoolTypeServiceTest" tests="7" skipped="0" failures="0" errors="0" timestamp="2018-08-30T15:11:44" hostname="CCD102873" time="0.016">
  <properties/>
  <testcase name="testSaveSchoolTypes" classname="uk.ac.reigate.services.SchoolTypeServiceTest" time="0.011"/>
  <testcase name="testFindSchoolTypes" classname="uk.ac.reigate.services.SchoolTypeServiceTest" time="0.0"/>
  <testcase name="testSaveSchoolTypeByFields_WithId" classname="uk.ac.reigate.services.SchoolTypeServiceTest" time="0.002"/>
  <testcase name="testSaveNewSchoolType" classname="uk.ac.reigate.services.SchoolTypeServiceTest" time="0.001"/>
  <testcase name="testSaveSchoolTypeByFields_WithNullId" classname="uk.ac.reigate.services.SchoolTypeServiceTest" time="0.0"/>
  <testcase name="testSaveSchoolType" classname="uk.ac.reigate.services.SchoolTypeServiceTest" time="0.001"/>
  <testcase name="testFindSchoolType" classname="uk.ac.reigate.services.SchoolTypeServiceTest" time="0.0"/>
  <system-out><![CDATA[]]></system-out>
  <system-err><![CDATA[]]></system-err>
</testsuite>
