<?xml version="1.0" encoding="UTF-8"?>
<testsuite name="uk.ac.reigate.services.NoteServiceTest" tests="4" skipped="0" failures="0" errors="0" timestamp="2018-08-30T15:11:43" hostname="CCD102873" time="0.009">
  <properties/>
  <testcase name="testFindNoteById" classname="uk.ac.reigate.services.NoteServiceTest" time="0.007"/>
  <testcase name="testSaveNote" classname="uk.ac.reigate.services.NoteServiceTest" time="0.001"/>
  <testcase name="testFindNote" classname="uk.ac.reigate.services.NoteServiceTest" time="0.0"/>
  <testcase name="testSaveNewNote" classname="uk.ac.reigate.services.NoteServiceTest" time="0.0"/>
  <system-out><![CDATA[]]></system-out>
  <system-err><![CDATA[]]></system-err>
</testsuite>
