<?xml version="1.0" encoding="UTF-8"?>
<testsuite name="uk.ac.reigate.services.PossibleGradeSetServiceTest" tests="7" skipped="0" failures="0" errors="0" timestamp="2018-08-30T15:11:44" hostname="CCD102873" time="0.014">
  <properties/>
  <testcase name="testSavePossibleGradeSets" classname="uk.ac.reigate.services.PossibleGradeSetServiceTest" time="0.01"/>
  <testcase name="testSavePossibleGradeSetByFields_WithId" classname="uk.ac.reigate.services.PossibleGradeSetServiceTest" time="0.001"/>
  <testcase name="testSavePossibleGradeSet" classname="uk.ac.reigate.services.PossibleGradeSetServiceTest" time="0.0"/>
  <testcase name="testSaveNewPossibleGradeSet" classname="uk.ac.reigate.services.PossibleGradeSetServiceTest" time="0.0"/>
  <testcase name="testFindPossibleGradeSet" classname="uk.ac.reigate.services.PossibleGradeSetServiceTest" time="0.001"/>
  <testcase name="testFindPossibleGradeSets" classname="uk.ac.reigate.services.PossibleGradeSetServiceTest" time="0.0"/>
  <testcase name="testSavePossibleGradeSetByFields_WithNullId" classname="uk.ac.reigate.services.PossibleGradeSetServiceTest" time="0.001"/>
  <system-out><![CDATA[]]></system-out>
  <system-err><![CDATA[]]></system-err>
</testsuite>
