<?xml version="1.0" encoding="UTF-8"?>
<testsuite name="uk.ac.reigate.services.LetterTypeServiceTest" tests="7" skipped="0" failures="0" errors="0" timestamp="2018-08-30T15:11:43" hostname="CCD102873" time="0.015">
  <properties/>
  <testcase name="testSaveLetterType" classname="uk.ac.reigate.services.LetterTypeServiceTest" time="0.009"/>
  <testcase name="testFindLetterType" classname="uk.ac.reigate.services.LetterTypeServiceTest" time="0.001"/>
  <testcase name="testSaveLetterTypeByFields_WithId" classname="uk.ac.reigate.services.LetterTypeServiceTest" time="0.001"/>
  <testcase name="testSaveLetterTypeByFields_WithNullId" classname="uk.ac.reigate.services.LetterTypeServiceTest" time="0.001"/>
  <testcase name="testSaveLetterTypes" classname="uk.ac.reigate.services.LetterTypeServiceTest" time="0.002"/>
  <testcase name="testFindLetterTypes" classname="uk.ac.reigate.services.LetterTypeServiceTest" time="0.0"/>
  <testcase name="testSaveNewLetterType" classname="uk.ac.reigate.services.LetterTypeServiceTest" time="0.001"/>
  <system-out><![CDATA[]]></system-out>
  <system-err><![CDATA[]]></system-err>
</testsuite>
