<?xml version="1.0" encoding="UTF-8"?>
<testsuite name="uk.ac.reigate.dto.FacultyDtoTest" tests="8" skipped="0" failures="0" errors="0" timestamp="2018-08-30T15:11:41" hostname="CCD102873" time="0.018">
  <properties/>
  <testcase name="testHashCode_Different" classname="uk.ac.reigate.dto.FacultyDtoTest" time="0.008"/>
  <testcase name="testEquals_Different" classname="uk.ac.reigate.dto.FacultyDtoTest" time="0.001"/>
  <testcase name="testHashCode_Same" classname="uk.ac.reigate.dto.FacultyDtoTest" time="0.001"/>
  <testcase name="testEquals_Same" classname="uk.ac.reigate.dto.FacultyDtoTest" time="0.001"/>
  <testcase name="testConstructor_Faculty" classname="uk.ac.reigate.dto.FacultyDtoTest" time="0.001"/>
  <testcase name="testMapFromFacultiesEntities" classname="uk.ac.reigate.dto.FacultyDtoTest" time="0.002"/>
  <testcase name="testMapFromFacultyEntity" classname="uk.ac.reigate.dto.FacultyDtoTest" time="0.002"/>
  <testcase name="testMapToFacultyEntity" classname="uk.ac.reigate.dto.FacultyDtoTest" time="0.002"/>
  <system-out><![CDATA[]]></system-out>
  <system-err><![CDATA[]]></system-err>
</testsuite>
