<?xml version="1.0" encoding="UTF-8"?>
<testsuite name="uk.ac.reigate.dto.AttendanceCodeDtoTest" tests="9" skipped="0" failures="0" errors="0" timestamp="2018-08-30T15:11:41" hostname="CCD102873" time="0.019">
  <properties/>
  <testcase name="testHashCode_Different" classname="uk.ac.reigate.dto.AttendanceCodeDtoTest" time="0.009"/>
  <testcase name="testEquals_Different" classname="uk.ac.reigate.dto.AttendanceCodeDtoTest" time="0.001"/>
  <testcase name="testHashCode_Same" classname="uk.ac.reigate.dto.AttendanceCodeDtoTest" time="0.0"/>
  <testcase name="testEquals_Same" classname="uk.ac.reigate.dto.AttendanceCodeDtoTest" time="0.001"/>
  <testcase name="testMapFromAttendanceCodeEntity" classname="uk.ac.reigate.dto.AttendanceCodeDtoTest" time="0.0"/>
  <testcase name="testConstructor_academicYear" classname="uk.ac.reigate.dto.AttendanceCodeDtoTest" time="0.001"/>
  <testcase name="testMapFromAttendanceCodesEntities" classname="uk.ac.reigate.dto.AttendanceCodeDtoTest" time="0.002"/>
  <testcase name="testConstructor_AttendanceCode" classname="uk.ac.reigate.dto.AttendanceCodeDtoTest" time="0.001"/>
  <testcase name="testMapToAttendanceCodeEntity" classname="uk.ac.reigate.dto.AttendanceCodeDtoTest" time="0.002"/>
  <system-out><![CDATA[]]></system-out>
  <system-err><![CDATA[]]></system-err>
</testsuite>
