<?xml version="1.0" encoding="UTF-8"?>
<testsuite name="uk.ac.reigate.services.RoomServiceTest" tests="4" skipped="0" failures="0" errors="0" timestamp="2018-08-30T15:11:44" hostname="CCD102873" time="0.011">
  <properties/>
  <testcase name="testSaveRoom" classname="uk.ac.reigate.services.RoomServiceTest" time="0.008"/>
  <testcase name="testFindRoomById" classname="uk.ac.reigate.services.RoomServiceTest" time="0.002"/>
  <testcase name="testFindRooms" classname="uk.ac.reigate.services.RoomServiceTest" time="0.001"/>
  <testcase name="testSaveNewRoom" classname="uk.ac.reigate.services.RoomServiceTest" time="0.0"/>
  <system-out><![CDATA[]]></system-out>
  <system-err><![CDATA[]]></system-err>
</testsuite>
