<?xml version="1.0" encoding="UTF-8"?>
<testsuite name="uk.ac.reigate.services.PriorAttainmentServiceTest" tests="7" skipped="0" failures="0" errors="0" timestamp="2018-08-30T15:11:44" hostname="CCD102873" time="0.018">
  <properties/>
  <testcase name="testSavePriorAttainments" classname="uk.ac.reigate.services.PriorAttainmentServiceTest" time="0.013"/>
  <testcase name="testFindPriorAttainments" classname="uk.ac.reigate.services.PriorAttainmentServiceTest" time="0.001"/>
  <testcase name="testSavePriorAttainment" classname="uk.ac.reigate.services.PriorAttainmentServiceTest" time="0.001"/>
  <testcase name="testSaveNewPriorAttainment" classname="uk.ac.reigate.services.PriorAttainmentServiceTest" time="0.001"/>
  <testcase name="testFindPriorAttainment" classname="uk.ac.reigate.services.PriorAttainmentServiceTest" time="0.001"/>
  <testcase name="testSavePriorAttainmentByFields_WithId" classname="uk.ac.reigate.services.PriorAttainmentServiceTest" time="0.001"/>
  <testcase name="testSavePriorAttainmentByFields_WithNullId" classname="uk.ac.reigate.services.PriorAttainmentServiceTest" time="0.0"/>
  <system-out><![CDATA[]]></system-out>
  <system-err><![CDATA[]]></system-err>
</testsuite>
