<?xml version="1.0" encoding="UTF-8"?>
<testsuite name="uk.ac.reigate.services.NoteTypeServiceTest" tests="7" skipped="0" failures="0" errors="0" timestamp="2018-08-30T15:11:43" hostname="CCD102873" time="0.012">
  <properties/>
  <testcase name="testSaveNoteTypeByFields_WithNullId" classname="uk.ac.reigate.services.NoteTypeServiceTest" time="0.008"/>
  <testcase name="testSaveNoteType" classname="uk.ac.reigate.services.NoteTypeServiceTest" time="0.0"/>
  <testcase name="testFindNoteType" classname="uk.ac.reigate.services.NoteTypeServiceTest" time="0.0"/>
  <testcase name="testSaveNoteTypeByFields_WithId" classname="uk.ac.reigate.services.NoteTypeServiceTest" time="0.001"/>
  <testcase name="testFindNoteTypes" classname="uk.ac.reigate.services.NoteTypeServiceTest" time="0.0"/>
  <testcase name="testSaveNewNoteType" classname="uk.ac.reigate.services.NoteTypeServiceTest" time="0.0"/>
  <testcase name="testSaveNoteTypes" classname="uk.ac.reigate.services.NoteTypeServiceTest" time="0.002"/>
  <system-out><![CDATA[]]></system-out>
  <system-err><![CDATA[]]></system-err>
</testsuite>
