<?xml version="1.0" encoding="UTF-8"?>
<testsuite name="uk.ac.reigate.dto.ContactTypeDtoTest" tests="9" skipped="0" failures="0" errors="0" timestamp="2018-08-30T15:11:41" hostname="CCD102873" time="0.014">
  <properties/>
  <testcase name="testHashCode_Different" classname="uk.ac.reigate.dto.ContactTypeDtoTest" time="0.007"/>
  <testcase name="testEquals_Different" classname="uk.ac.reigate.dto.ContactTypeDtoTest" time="0.001"/>
  <testcase name="testHashCode_Same" classname="uk.ac.reigate.dto.ContactTypeDtoTest" time="0.0"/>
  <testcase name="testEquals_Same" classname="uk.ac.reigate.dto.ContactTypeDtoTest" time="0.001"/>
  <testcase name="testMapFromContactTypesEntities" classname="uk.ac.reigate.dto.ContactTypeDtoTest" time="0.003"/>
  <testcase name="testMapToContactTypeEntity" classname="uk.ac.reigate.dto.ContactTypeDtoTest" time="0.0"/>
  <testcase name="testConstructor_contactType" classname="uk.ac.reigate.dto.ContactTypeDtoTest" time="0.001"/>
  <testcase name="testMapFromContactTypeEntity" classname="uk.ac.reigate.dto.ContactTypeDtoTest" time="0.001"/>
  <testcase name="testConstructor_ContactType" classname="uk.ac.reigate.dto.ContactTypeDtoTest" time="0.0"/>
  <system-out><![CDATA[]]></system-out>
  <system-err><![CDATA[]]></system-err>
</testsuite>
