<?xml version="1.0" encoding="UTF-8"?>
<testsuite name="uk.ac.reigate.services.DepartmentServiceTest" tests="4" skipped="0" failures="0" errors="0" timestamp="2018-08-30T15:11:43" hostname="CCD102873" time="0.014">
  <properties/>
  <testcase name="testFindDepartment" classname="uk.ac.reigate.services.DepartmentServiceTest" time="0.011"/>
  <testcase name="testFindDepartmentById" classname="uk.ac.reigate.services.DepartmentServiceTest" time="0.002"/>
  <testcase name="testSaveNewDepartment" classname="uk.ac.reigate.services.DepartmentServiceTest" time="0.0"/>
  <testcase name="testSaveDepartment" classname="uk.ac.reigate.services.DepartmentServiceTest" time="0.001"/>
  <system-out><![CDATA[]]></system-out>
  <system-err><![CDATA[]]></system-err>
</testsuite>
