<?xml version="1.0" encoding="UTF-8"?>
<testsuite name="uk.ac.reigate.services.ApplicationStatusServiceTest" tests="6" skipped="0" failures="0" errors="0" timestamp="2018-08-30T15:11:43" hostname="CCD102873" time="0.016">
  <properties/>
  <testcase name="testSaveApplicationStatusByFields_WithNullId" classname="uk.ac.reigate.services.ApplicationStatusServiceTest" time="0.011"/>
  <testcase name="testFindApplicationStatus" classname="uk.ac.reigate.services.ApplicationStatusServiceTest" time="0.001"/>
  <testcase name="testSaveNewApplicationStatus" classname="uk.ac.reigate.services.ApplicationStatusServiceTest" time="0.001"/>
  <testcase name="testSaveApplicationStatuses" classname="uk.ac.reigate.services.ApplicationStatusServiceTest" time="0.001"/>
  <testcase name="testSaveApplicationStatusByFields_WithId" classname="uk.ac.reigate.services.ApplicationStatusServiceTest" time="0.001"/>
  <testcase name="testFindApplicationStatuses" classname="uk.ac.reigate.services.ApplicationStatusServiceTest" time="0.0"/>
  <system-out><![CDATA[]]></system-out>
  <system-err><![CDATA[]]></system-err>
</testsuite>
