<?xml version="1.0" encoding="UTF-8"?>
<testsuite name="uk.ac.reigate.dto.SpecialCategoryDtoTest" tests="8" skipped="0" failures="0" errors="0" timestamp="2018-08-30T15:11:42" hostname="CCD102873" time="0.017">
  <properties/>
  <testcase name="testHashCode_Different" classname="uk.ac.reigate.dto.SpecialCategoryDtoTest" time="0.013"/>
  <testcase name="testEquals_Different" classname="uk.ac.reigate.dto.SpecialCategoryDtoTest" time="0.001"/>
  <testcase name="testHashCode_Same" classname="uk.ac.reigate.dto.SpecialCategoryDtoTest" time="0.0"/>
  <testcase name="testMapFromSpecialCategorysEntities" classname="uk.ac.reigate.dto.SpecialCategoryDtoTest" time="0.001"/>
  <testcase name="testEquals_Same" classname="uk.ac.reigate.dto.SpecialCategoryDtoTest" time="0.0"/>
  <testcase name="testMapFromSpecialCategoryEntity" classname="uk.ac.reigate.dto.SpecialCategoryDtoTest" time="0.001"/>
  <testcase name="testConstructor_SpecialCategory" classname="uk.ac.reigate.dto.SpecialCategoryDtoTest" time="0.0"/>
  <testcase name="testMapToSpecialCategoryEntity" classname="uk.ac.reigate.dto.SpecialCategoryDtoTest" time="0.001"/>
  <system-out><![CDATA[]]></system-out>
  <system-err><![CDATA[]]></system-err>
</testsuite>
