<?xml version="1.0" encoding="UTF-8"?>
<testsuite name="uk.ac.reigate.services.CorrespondenceTypeServiceTest" tests="7" skipped="0" failures="0" errors="0" timestamp="2018-08-30T15:11:43" hostname="CCD102873" time="0.017">
  <properties/>
  <testcase name="testSaveCorrespondenceTypeByFields_WithId" classname="uk.ac.reigate.services.CorrespondenceTypeServiceTest" time="0.012"/>
  <testcase name="testFindCorrespondenceType" classname="uk.ac.reigate.services.CorrespondenceTypeServiceTest" time="0.001"/>
  <testcase name="testSaveNewCorrespondenceType" classname="uk.ac.reigate.services.CorrespondenceTypeServiceTest" time="0.001"/>
  <testcase name="testSaveCorrespondenceTypes" classname="uk.ac.reigate.services.CorrespondenceTypeServiceTest" time="0.002"/>
  <testcase name="testFindCorrespondenceTypes" classname="uk.ac.reigate.services.CorrespondenceTypeServiceTest" time="0.001"/>
  <testcase name="testSaveCorrespondenceTypeByFields_WithNullId" classname="uk.ac.reigate.services.CorrespondenceTypeServiceTest" time="0.0"/>
  <testcase name="testSaveCorrespondenceType" classname="uk.ac.reigate.services.CorrespondenceTypeServiceTest" time="0.0"/>
  <system-out><![CDATA[]]></system-out>
  <system-err><![CDATA[]]></system-err>
</testsuite>
