<?xml version="1.0" encoding="UTF-8"?>
<testsuite name="uk.ac.reigate.services.ConcessionTypeServiceTest" tests="7" skipped="0" failures="0" errors="0" timestamp="2018-08-30T15:11:43" hostname="CCD102873" time="0.019">
  <properties/>
  <testcase name="testFindConcessionType" classname="uk.ac.reigate.services.ConcessionTypeServiceTest" time="0.013"/>
  <testcase name="testSaveNewConcessionType" classname="uk.ac.reigate.services.ConcessionTypeServiceTest" time="0.001"/>
  <testcase name="testSaveConcessionTypes" classname="uk.ac.reigate.services.ConcessionTypeServiceTest" time="0.002"/>
  <testcase name="testSaveConcessionTypeByFields_WithId" classname="uk.ac.reigate.services.ConcessionTypeServiceTest" time="0.001"/>
  <testcase name="testSaveConcessionTypeByFields_WithNullId" classname="uk.ac.reigate.services.ConcessionTypeServiceTest" time="0.001"/>
  <testcase name="testFindConcessionTypes" classname="uk.ac.reigate.services.ConcessionTypeServiceTest" time="0.0"/>
  <testcase name="testSaveConcessionType" classname="uk.ac.reigate.services.ConcessionTypeServiceTest" time="0.001"/>
  <system-out><![CDATA[]]></system-out>
  <system-err><![CDATA[]]></system-err>
</testsuite>
