<?xml version="1.0" encoding="UTF-8"?>
<testsuite name="uk.ac.reigate.services.HolidayServiceTest" tests="4" skipped="0" failures="0" errors="0" timestamp="2018-08-30T15:11:43" hostname="CCD102873" time="0.01">
  <properties/>
  <testcase name="testSaveNewHoliday" classname="uk.ac.reigate.services.HolidayServiceTest" time="0.008"/>
  <testcase name="testFindHolidayById" classname="uk.ac.reigate.services.HolidayServiceTest" time="0.001"/>
  <testcase name="testSaveHoliday" classname="uk.ac.reigate.services.HolidayServiceTest" time="0.001"/>
  <testcase name="testFindHoliday" classname="uk.ac.reigate.services.HolidayServiceTest" time="0.0"/>
  <system-out><![CDATA[]]></system-out>
  <system-err><![CDATA[]]></system-err>
</testsuite>
