<?xml version="1.0" encoding="UTF-8"?>
<testsuite name="uk.ac.reigate.dto.ILPInterviewDtoTest" tests="7" skipped="0" failures="0" errors="0" timestamp="2018-08-30T15:11:42" hostname="CCD102873" time="0.024">
  <properties/>
  <testcase name="testHashCode_Different" classname="uk.ac.reigate.dto.ILPInterviewDtoTest" time="0.015"/>
  <testcase name="testEquals_Different" classname="uk.ac.reigate.dto.ILPInterviewDtoTest" time="0.001"/>
  <testcase name="testHashCode_Same" classname="uk.ac.reigate.dto.ILPInterviewDtoTest" time="0.001"/>
  <testcase name="testEquals_Same" classname="uk.ac.reigate.dto.ILPInterviewDtoTest" time="0.001"/>
  <testcase name="testMapFromILPInterviewsEntities" classname="uk.ac.reigate.dto.ILPInterviewDtoTest" time="0.003"/>
  <testcase name="testConstructor_ILPInterview" classname="uk.ac.reigate.dto.ILPInterviewDtoTest" time="0.0"/>
  <testcase name="testMapFromILPInterviewEntity" classname="uk.ac.reigate.dto.ILPInterviewDtoTest" time="0.003"/>
  <system-out><![CDATA[]]></system-out>
  <system-err><![CDATA[]]></system-err>
</testsuite>
