<?xml version="1.0" encoding="UTF-8"?>
<testsuite name="uk.ac.reigate.dto.RoomDtoTest" tests="7" skipped="0" failures="0" errors="0" timestamp="2018-08-30T15:11:42" hostname="CCD102873" time="0.01">
  <properties/>
  <testcase name="testHashCode_Different" classname="uk.ac.reigate.dto.RoomDtoTest" time="0.006"/>
  <testcase name="testEquals_Different" classname="uk.ac.reigate.dto.RoomDtoTest" time="0.0"/>
  <testcase name="testHashCode_Same" classname="uk.ac.reigate.dto.RoomDtoTest" time="0.0"/>
  <testcase name="testEquals_Same" classname="uk.ac.reigate.dto.RoomDtoTest" time="0.0"/>
  <testcase name="testMapToRoomEntity" classname="uk.ac.reigate.dto.RoomDtoTest" time="0.0"/>
  <testcase name="testMapFromRoomEntity" classname="uk.ac.reigate.dto.RoomDtoTest" time="0.0"/>
  <testcase name="testMapFromRoomsEntities" classname="uk.ac.reigate.dto.RoomDtoTest" time="0.002"/>
  <system-out><![CDATA[]]></system-out>
  <system-err><![CDATA[]]></system-err>
</testsuite>
