<?xml version="1.0" encoding="UTF-8"?>
<testsuite name="uk.ac.reigate.dto.BlockDtoTest" tests="9" skipped="0" failures="0" errors="0" timestamp="2018-08-30T15:11:41" hostname="CCD102873" time="0.014">
  <properties/>
  <testcase name="testHashCode_Different" classname="uk.ac.reigate.dto.BlockDtoTest" time="0.007"/>
  <testcase name="testEquals_Different" classname="uk.ac.reigate.dto.BlockDtoTest" time="0.001"/>
  <testcase name="testHashCode_Same" classname="uk.ac.reigate.dto.BlockDtoTest" time="0.0"/>
  <testcase name="testEquals_Same" classname="uk.ac.reigate.dto.BlockDtoTest" time="0.0"/>
  <testcase name="testMapToBlockEntity" classname="uk.ac.reigate.dto.BlockDtoTest" time="0.0"/>
  <testcase name="testMapFromBlocksEntities" classname="uk.ac.reigate.dto.BlockDtoTest" time="0.003"/>
  <testcase name="testMapFromBlockEntity" classname="uk.ac.reigate.dto.BlockDtoTest" time="0.001"/>
  <testcase name="testConstructor_Block" classname="uk.ac.reigate.dto.BlockDtoTest" time="0.001"/>
  <testcase name="testConstructor_block" classname="uk.ac.reigate.dto.BlockDtoTest" time="0.0"/>
  <system-out><![CDATA[]]></system-out>
  <system-err><![CDATA[]]></system-err>
</testsuite>
