<?xml version="1.0" encoding="UTF-8"?>
<testsuite name="uk.ac.reigate.dto.RegisterDtoTest" tests="7" skipped="0" failures="0" errors="0" timestamp="2018-08-30T15:11:42" hostname="CCD102873" time="0.017">
  <properties/>
  <testcase name="testHashCode_Different" classname="uk.ac.reigate.dto.RegisterDtoTest" time="0.01"/>
  <testcase name="testEquals_Different" classname="uk.ac.reigate.dto.RegisterDtoTest" time="0.001"/>
  <testcase name="testHashCode_Same" classname="uk.ac.reigate.dto.RegisterDtoTest" time="0.001"/>
  <testcase name="testMapFromRegistersEntities" classname="uk.ac.reigate.dto.RegisterDtoTest" time="0.002"/>
  <testcase name="testEquals_Same" classname="uk.ac.reigate.dto.RegisterDtoTest" time="0.001"/>
  <testcase name="testMapFromRegisterEntity" classname="uk.ac.reigate.dto.RegisterDtoTest" time="0.001"/>
  <testcase name="testMapToRegisterEntity" classname="uk.ac.reigate.dto.RegisterDtoTest" time="0.001"/>
  <system-out><![CDATA[]]></system-out>
  <system-err><![CDATA[]]></system-err>
</testsuite>
