<?xml version="1.0" encoding="UTF-8"?>
<testsuite name="uk.ac.reigate.dto.EnrolmentDtoTest" tests="7" skipped="0" failures="0" errors="0" timestamp="2018-08-30T15:11:41" hostname="CCD102873" time="0.066">
  <properties/>
  <testcase name="testHashCode_Different" classname="uk.ac.reigate.dto.EnrolmentDtoTest" time="0.054"/>
  <testcase name="testEquals_Different" classname="uk.ac.reigate.dto.EnrolmentDtoTest" time="0.003"/>
  <testcase name="testHashCode_Same" classname="uk.ac.reigate.dto.EnrolmentDtoTest" time="0.003"/>
  <testcase name="testEquals_Same" classname="uk.ac.reigate.dto.EnrolmentDtoTest" time="0.002"/>
  <testcase name="testConstructor_Enrolment" classname="uk.ac.reigate.dto.EnrolmentDtoTest" time="0.001"/>
  <testcase name="testMapFromEntity" classname="uk.ac.reigate.dto.EnrolmentDtoTest" time="0.001"/>
  <testcase name="testMapFromEnrolmentEntity" classname="uk.ac.reigate.dto.EnrolmentDtoTest" time="0.002"/>
  <system-out><![CDATA[]]></system-out>
  <system-err><![CDATA[]]></system-err>
</testsuite>
