<?xml version="1.0" encoding="UTF-8"?>
<testsuite name="uk.ac.reigate.services.CollegeFundPaidServiceTest" tests="7" skipped="0" failures="0" errors="0" timestamp="2018-08-30T15:11:43" hostname="CCD102873" time="0.015">
  <properties/>
  <testcase name="testSaveCollegeFundPaidByFields_WithNullId" classname="uk.ac.reigate.services.CollegeFundPaidServiceTest" time="0.01"/>
  <testcase name="testSaveCollegeFundPaids" classname="uk.ac.reigate.services.CollegeFundPaidServiceTest" time="0.002"/>
  <testcase name="testSaveCollegeFundPaid" classname="uk.ac.reigate.services.CollegeFundPaidServiceTest" time="0.0"/>
  <testcase name="testSaveNewCollegeFundPaid" classname="uk.ac.reigate.services.CollegeFundPaidServiceTest" time="0.001"/>
  <testcase name="testFindCollegeFundPaids" classname="uk.ac.reigate.services.CollegeFundPaidServiceTest" time="0.0"/>
  <testcase name="testSaveCollegeFundPaidByFields_WithId" classname="uk.ac.reigate.services.CollegeFundPaidServiceTest" time="0.001"/>
  <testcase name="testFindCollegeFundPaid" classname="uk.ac.reigate.services.CollegeFundPaidServiceTest" time="0.001"/>
  <system-out><![CDATA[]]></system-out>
  <system-err><![CDATA[]]></system-err>
</testsuite>
