<?xml version="1.0" encoding="UTF-8"?>
<testsuite name="uk.ac.reigate.dto.StudentInterimReportDtoTest" tests="5" skipped="0" failures="0" errors="0" timestamp="2018-08-30T15:11:42" hostname="CCD102873" time="0.026">
  <properties/>
  <testcase name="testHashCode_Different" classname="uk.ac.reigate.dto.StudentInterimReportDtoTest" time="0.019"/>
  <testcase name="testEquals_Different" classname="uk.ac.reigate.dto.StudentInterimReportDtoTest" time="0.003"/>
  <testcase name="testMapFromStudentInterimReportEntity" classname="uk.ac.reigate.dto.StudentInterimReportDtoTest" time="0.001"/>
  <testcase name="testMapFromStudentInterimReportsEntities" classname="uk.ac.reigate.dto.StudentInterimReportDtoTest" time="0.003"/>
  <testcase name="testConstructor_StudentInterimReport" classname="uk.ac.reigate.dto.StudentInterimReportDtoTest" time="0.0"/>
  <system-out><![CDATA[]]></system-out>
  <system-err><![CDATA[]]></system-err>
</testsuite>
