<?xml version="1.0" encoding="UTF-8"?>
<testsuite name="uk.ac.reigate.services.StudentTypeServiceTest" tests="7" skipped="0" failures="0" errors="0" timestamp="2018-08-30T15:12:37" hostname="CCD102873" time="0.014">
  <properties/>
  <testcase name="testFindStudentTypes" classname="uk.ac.reigate.services.StudentTypeServiceTest" time="0.008"/>
  <testcase name="testSaveStudentType" classname="uk.ac.reigate.services.StudentTypeServiceTest" time="0.001"/>
  <testcase name="testFindStudentType" classname="uk.ac.reigate.services.StudentTypeServiceTest" time="0.001"/>
  <testcase name="testSaveStudentTypeByFields_WithId" classname="uk.ac.reigate.services.StudentTypeServiceTest" time="0.001"/>
  <testcase name="testSaveStudentTypeByFields_WithNullId" classname="uk.ac.reigate.services.StudentTypeServiceTest" time="0.0"/>
  <testcase name="testSaveNewStudentType" classname="uk.ac.reigate.services.StudentTypeServiceTest" time="0.0"/>
  <testcase name="testSaveStudentTypes" classname="uk.ac.reigate.services.StudentTypeServiceTest" time="0.003"/>
  <system-out><![CDATA[]]></system-out>
  <system-err><![CDATA[]]></system-err>
</testsuite>
