<?xml version="1.0" encoding="UTF-8"?>
<testsuite name="uk.ac.reigate.services.CourseServiceTest" tests="4" skipped="0" failures="0" errors="0" timestamp="2018-08-30T15:12:37" hostname="CCD102873" time="0.01">
  <properties/>
  <testcase name="testSaveNewCourse" classname="uk.ac.reigate.services.CourseServiceTest" time="0.008"/>
  <testcase name="testFindCourse" classname="uk.ac.reigate.services.CourseServiceTest" time="0.001"/>
  <testcase name="testSaveCourse" classname="uk.ac.reigate.services.CourseServiceTest" time="0.0"/>
  <testcase name="testFindCourseById" classname="uk.ac.reigate.services.CourseServiceTest" time="0.001"/>
  <system-out><![CDATA[]]></system-out>
  <system-err><![CDATA[]]></system-err>
</testsuite>
