<?xml version="1.0" encoding="UTF-8"?>
<testsuite name="uk.ac.reigate.dto.LLDDHealthProblemCategoryDtoTest" tests="8" skipped="0" failures="0" errors="0" timestamp="2018-08-30T15:12:35" hostname="CCD102873" time="0.076">
  <properties/>
  <testcase name="testHashCode_Different" classname="uk.ac.reigate.dto.LLDDHealthProblemCategoryDtoTest" time="0.006"/>
  <testcase name="testEquals_Different" classname="uk.ac.reigate.dto.LLDDHealthProblemCategoryDtoTest" time="0.0"/>
  <testcase name="testHashCode_Same" classname="uk.ac.reigate.dto.LLDDHealthProblemCategoryDtoTest" time="0.0"/>
  <testcase name="testEquals_Same" classname="uk.ac.reigate.dto.LLDDHealthProblemCategoryDtoTest" time="0.001"/>
  <testcase name="testMapFromLLDDHealthProblemCategoriesEntitiesTest" classname="uk.ac.reigate.dto.LLDDHealthProblemCategoryDtoTest" time="0.001"/>
  <testcase name="testMapFromLLDDHealthProblemCategoryEntityTest" classname="uk.ac.reigate.dto.LLDDHealthProblemCategoryDtoTest" time="0.001"/>
  <testcase name="testConstructor_LLDDHealthProblemCategory" classname="uk.ac.reigate.dto.LLDDHealthProblemCategoryDtoTest" time="0.001"/>
  <testcase name="testMapToLLDDHealthProblemCategoryEntityTest" classname="uk.ac.reigate.dto.LLDDHealthProblemCategoryDtoTest" time="0.066"/>
  <system-out><![CDATA[]]></system-out>
  <system-err><![CDATA[]]></system-err>
</testsuite>
