<?xml version="1.0" encoding="UTF-8"?>
<testsuite name="uk.ac.reigate.dto.WithdrawalReasonDtoTest" tests="8" skipped="0" failures="0" errors="0" timestamp="2018-08-30T15:12:36" hostname="CCD102873" time="0.004">
  <properties/>
  <testcase name="testMapFromWithdrawalReasonsEntitiesTest" classname="uk.ac.reigate.dto.WithdrawalReasonDtoTest" time="0.002"/>
  <testcase name="testMapToWithdrawalReasonEntityTest" classname="uk.ac.reigate.dto.WithdrawalReasonDtoTest" time="0.001"/>
  <testcase name="testHashCode_Different" classname="uk.ac.reigate.dto.WithdrawalReasonDtoTest" time="0.0"/>
  <testcase name="testEquals_Different" classname="uk.ac.reigate.dto.WithdrawalReasonDtoTest" time="0.0"/>
  <testcase name="testHashCode_Same" classname="uk.ac.reigate.dto.WithdrawalReasonDtoTest" time="0.0"/>
  <testcase name="testEquals_Same" classname="uk.ac.reigate.dto.WithdrawalReasonDtoTest" time="0.001"/>
  <testcase name="testMapFromWithdrawalReasonEntityTest" classname="uk.ac.reigate.dto.WithdrawalReasonDtoTest" time="0.0"/>
  <testcase name="testConstructor_WithdrawalReason" classname="uk.ac.reigate.dto.WithdrawalReasonDtoTest" time="0.0"/>
  <system-out><![CDATA[]]></system-out>
  <system-err><![CDATA[]]></system-err>
</testsuite>
