<?xml version="1.0" encoding="UTF-8"?>
<testsuite name="uk.ac.reigate.services.ContactTypeServiceTest" tests="7" skipped="0" failures="0" errors="0" timestamp="2018-08-30T15:12:37" hostname="CCD102873" time="0.014">
  <properties/>
  <testcase name="testSaveContactTypeByFields_WithId" classname="uk.ac.reigate.services.ContactTypeServiceTest" time="0.01"/>
  <testcase name="testSaveContactTypeByFields_WithNullId" classname="uk.ac.reigate.services.ContactTypeServiceTest" time="0.001"/>
  <testcase name="testSaveContactTypes" classname="uk.ac.reigate.services.ContactTypeServiceTest" time="0.002"/>
  <testcase name="testSaveNewContactType" classname="uk.ac.reigate.services.ContactTypeServiceTest" time="0.0"/>
  <testcase name="testFindContactTypes" classname="uk.ac.reigate.services.ContactTypeServiceTest" time="0.0"/>
  <testcase name="testSaveContactType" classname="uk.ac.reigate.services.ContactTypeServiceTest" time="0.001"/>
  <testcase name="testFindContactType" classname="uk.ac.reigate.services.ContactTypeServiceTest" time="0.0"/>
  <system-out><![CDATA[]]></system-out>
  <system-err><![CDATA[]]></system-err>
</testsuite>
