<?xml version="1.0" encoding="UTF-8"?>
<testsuite name="uk.ac.reigate.services.RestrictedUseIndicatorServiceTest" tests="7" skipped="0" failures="0" errors="0" timestamp="2018-08-30T15:12:37" hostname="CCD102873" time="0.012">
  <properties/>
  <testcase name="testSaveRestrictedUseIndicatorByFields_WithNullId" classname="uk.ac.reigate.services.RestrictedUseIndicatorServiceTest" time="0.007"/>
  <testcase name="testSaveRestrictedUseIndicators" classname="uk.ac.reigate.services.RestrictedUseIndicatorServiceTest" time="0.002"/>
  <testcase name="testFindRestrictedUseIndicators" classname="uk.ac.reigate.services.RestrictedUseIndicatorServiceTest" time="0.001"/>
  <testcase name="testSaveNewRestrictedUseIndicator" classname="uk.ac.reigate.services.RestrictedUseIndicatorServiceTest" time="0.0"/>
  <testcase name="testFindRestrictedUseIndicator" classname="uk.ac.reigate.services.RestrictedUseIndicatorServiceTest" time="0.001"/>
  <testcase name="testSaveRestrictedUseIndicatorByFields_WithId" classname="uk.ac.reigate.services.RestrictedUseIndicatorServiceTest" time="0.001"/>
  <testcase name="testSaveRestrictedUseIndicator" classname="uk.ac.reigate.services.RestrictedUseIndicatorServiceTest" time="0.0"/>
  <system-out><![CDATA[]]></system-out>
  <system-err><![CDATA[]]></system-err>
</testsuite>
