<?xml version="1.0" encoding="UTF-8"?>
<testsuite name="uk.ac.reigate.services.PossibleGradeServiceTest" tests="4" skipped="0" failures="0" errors="0" timestamp="2018-08-30T15:12:37" hostname="CCD102873" time="0.007">
  <properties/>
  <testcase name="testSavePossibleGrade" classname="uk.ac.reigate.services.PossibleGradeServiceTest" time="0.006"/>
  <testcase name="testFindPossibleGrade" classname="uk.ac.reigate.services.PossibleGradeServiceTest" time="0.001"/>
  <testcase name="testFindPossibleGradeById" classname="uk.ac.reigate.services.PossibleGradeServiceTest" time="0.0"/>
  <testcase name="testSaveNewPossibleGrade" classname="uk.ac.reigate.services.PossibleGradeServiceTest" time="0.0"/>
  <system-out><![CDATA[]]></system-out>
  <system-err><![CDATA[]]></system-err>
</testsuite>
