<?xml version="1.0" encoding="UTF-8"?>
<testsuite name="uk.ac.reigate.services.AimTypeServiceTest" tests="6" skipped="0" failures="0" errors="0" timestamp="2018-08-30T15:12:36" hostname="CCD102873" time="0.039">
  <properties/>
  <testcase name="testFindAimType" classname="uk.ac.reigate.services.AimTypeServiceTest" time="0.009"/>
  <testcase name="testSaveAimTypes" classname="uk.ac.reigate.services.AimTypeServiceTest" time="0.002"/>
  <testcase name="testFindAimTypes" classname="uk.ac.reigate.services.AimTypeServiceTest" time="0.001"/>
  <testcase name="testSaveNewAimType" classname="uk.ac.reigate.services.AimTypeServiceTest" time="0.001"/>
  <testcase name="testSaveAimTypeByFields_WithNullId" classname="uk.ac.reigate.services.AimTypeServiceTest" time="0.022"/>
  <testcase name="testSaveAimTypeByFields_WithId" classname="uk.ac.reigate.services.AimTypeServiceTest" time="0.004"/>
  <system-out><![CDATA[]]></system-out>
  <system-err><![CDATA[]]></system-err>
</testsuite>
