<?xml version="1.0" encoding="UTF-8"?>
<testsuite name="uk.ac.reigate.dto.PunctualityMonitoringDtoTest" tests="8" skipped="0" failures="0" errors="0" timestamp="2018-08-30T15:12:36" hostname="CCD102873" time="0.008">
  <properties/>
  <testcase name="testHashCode_Different" classname="uk.ac.reigate.dto.PunctualityMonitoringDtoTest" time="0.005"/>
  <testcase name="testEquals_Different" classname="uk.ac.reigate.dto.PunctualityMonitoringDtoTest" time="0.0"/>
  <testcase name="testHashCode_Same" classname="uk.ac.reigate.dto.PunctualityMonitoringDtoTest" time="0.0"/>
  <testcase name="testEquals_Same" classname="uk.ac.reigate.dto.PunctualityMonitoringDtoTest" time="0.0"/>
  <testcase name="testMapFromPunctualityMonitoringEntity" classname="uk.ac.reigate.dto.PunctualityMonitoringDtoTest" time="0.001"/>
  <testcase name="testConstructor_PunctualityMonitoring" classname="uk.ac.reigate.dto.PunctualityMonitoringDtoTest" time="0.0"/>
  <testcase name="testMapToPunctualityMonitoringEntity" classname="uk.ac.reigate.dto.PunctualityMonitoringDtoTest" time="0.0"/>
  <testcase name="testMapFromPunctualityMonitoringsEntities" classname="uk.ac.reigate.dto.PunctualityMonitoringDtoTest" time="0.002"/>
  <system-out><![CDATA[]]></system-out>
  <system-err><![CDATA[]]></system-err>
</testsuite>
