<?xml version="1.0" encoding="UTF-8"?>
<testsuite name="uk.ac.reigate.dto.ConcessionTypeDtoTest" tests="9" skipped="0" failures="0" errors="0" timestamp="2018-08-30T15:12:35" hostname="CCD102873" time="0.012">
  <properties/>
  <testcase name="testHashCode_Different" classname="uk.ac.reigate.dto.ConcessionTypeDtoTest" time="0.006"/>
  <testcase name="testEquals_Different" classname="uk.ac.reigate.dto.ConcessionTypeDtoTest" time="0.001"/>
  <testcase name="testHashCode_Same" classname="uk.ac.reigate.dto.ConcessionTypeDtoTest" time="0.0"/>
  <testcase name="testEquals_Same" classname="uk.ac.reigate.dto.ConcessionTypeDtoTest" time="0.0"/>
  <testcase name="testConstructor_concessionType" classname="uk.ac.reigate.dto.ConcessionTypeDtoTest" time="0.0"/>
  <testcase name="testMapFromConcessionTypesEntities" classname="uk.ac.reigate.dto.ConcessionTypeDtoTest" time="0.002"/>
  <testcase name="testMapToConcessionTypeEntity" classname="uk.ac.reigate.dto.ConcessionTypeDtoTest" time="0.0"/>
  <testcase name="testMapFromConcessionTypeEntity" classname="uk.ac.reigate.dto.ConcessionTypeDtoTest" time="0.001"/>
  <testcase name="testConstructor_ConcessionType" classname="uk.ac.reigate.dto.ConcessionTypeDtoTest" time="0.001"/>
  <system-out><![CDATA[]]></system-out>
  <system-err><![CDATA[]]></system-err>
</testsuite>
