<?xml version="1.0" encoding="UTF-8"?>
<testsuite name="uk.ac.reigate.services.SchoolServiceTest" tests="4" skipped="0" failures="0" errors="0" timestamp="2018-08-30T15:12:37" hostname="CCD102873" time="0.009">
  <properties/>
  <testcase name="testSaveNewSchool" classname="uk.ac.reigate.services.SchoolServiceTest" time="0.007"/>
  <testcase name="testFindSchool" classname="uk.ac.reigate.services.SchoolServiceTest" time="0.001"/>
  <testcase name="testSaveSchool" classname="uk.ac.reigate.services.SchoolServiceTest" time="0.001"/>
  <testcase name="testFindSchoolById" classname="uk.ac.reigate.services.SchoolServiceTest" time="0.0"/>
  <system-out><![CDATA[]]></system-out>
  <system-err><![CDATA[]]></system-err>
</testsuite>
