<?xml version="1.0" encoding="UTF-8"?>
<testsuite name="uk.ac.reigate.services.AddressServiceTest" tests="5" skipped="0" failures="0" errors="0" timestamp="2018-08-30T15:12:36" hostname="CCD102873" time="0.013">
  <properties/>
  <testcase name="testFindAddresses" classname="uk.ac.reigate.services.AddressServiceTest" time="0.008"/>
  <testcase name="testSaveAddress" classname="uk.ac.reigate.services.AddressServiceTest" time="0.001"/>
  <testcase name="testFindAddress" classname="uk.ac.reigate.services.AddressServiceTest" time="0.001"/>
  <testcase name="testSaveNewAddress" classname="uk.ac.reigate.services.AddressServiceTest" time="0.0"/>
  <testcase name="testSaveAddresses" classname="uk.ac.reigate.services.AddressServiceTest" time="0.003"/>
  <system-out><![CDATA[]]></system-out>
  <system-err><![CDATA[]]></system-err>
</testsuite>
