<?xml version="1.0" encoding="UTF-8"?>
<testsuite name="uk.ac.reigate.services.RequestServiceTest" tests="4" skipped="0" failures="0" errors="0" timestamp="2018-08-30T15:12:37" hostname="CCD102873" time="0.007">
  <properties/>
  <testcase name="testSaveNewRequest" classname="uk.ac.reigate.services.RequestServiceTest" time="0.006"/>
  <testcase name="testFindRequests" classname="uk.ac.reigate.services.RequestServiceTest" time="0.001"/>
  <testcase name="testSaveRequest" classname="uk.ac.reigate.services.RequestServiceTest" time="0.0"/>
  <testcase name="testFindRequest" classname="uk.ac.reigate.services.RequestServiceTest" time="0.0"/>
  <system-out><![CDATA[]]></system-out>
  <system-err><![CDATA[]]></system-err>
</testsuite>
