<?xml version="1.0" encoding="UTF-8"?>
<testsuite name="uk.ac.reigate.dto.LearningSupportCostCategoryDtoTest" tests="8" skipped="0" failures="0" errors="0" timestamp="2018-08-30T15:12:35" hostname="CCD102873" time="0.01">
  <properties/>
  <testcase name="testHashCode_Different" classname="uk.ac.reigate.dto.LearningSupportCostCategoryDtoTest" time="0.005"/>
  <testcase name="testEquals_Different" classname="uk.ac.reigate.dto.LearningSupportCostCategoryDtoTest" time="0.001"/>
  <testcase name="testHashCode_Same" classname="uk.ac.reigate.dto.LearningSupportCostCategoryDtoTest" time="0.0"/>
  <testcase name="testMapFromLearningSupportCostCategorysEntities" classname="uk.ac.reigate.dto.LearningSupportCostCategoryDtoTest" time="0.002"/>
  <testcase name="testEquals_Same" classname="uk.ac.reigate.dto.LearningSupportCostCategoryDtoTest" time="0.0"/>
  <testcase name="testMapToLearningSupportCostCategoryEntity" classname="uk.ac.reigate.dto.LearningSupportCostCategoryDtoTest" time="0.001"/>
  <testcase name="testConstructor_LearningSupportCostCategory" classname="uk.ac.reigate.dto.LearningSupportCostCategoryDtoTest" time="0.0"/>
  <testcase name="testMapFromLearningSupportCostCategoryEntity" classname="uk.ac.reigate.dto.LearningSupportCostCategoryDtoTest" time="0.001"/>
  <system-out><![CDATA[]]></system-out>
  <system-err><![CDATA[]]></system-err>
</testsuite>
