<?xml version="1.0" encoding="UTF-8"?>
<testsuite name="uk.ac.reigate.dto.TimetableDtoTest" tests="8" skipped="0" failures="0" errors="0" timestamp="2018-08-30T15:12:36" hostname="CCD102873" time="0.015">
  <properties/>
  <testcase name="testHashCode_Different" classname="uk.ac.reigate.dto.TimetableDtoTest" time="0.01"/>
  <testcase name="testEquals_Different" classname="uk.ac.reigate.dto.TimetableDtoTest" time="0.0"/>
  <testcase name="testHashCode_Same" classname="uk.ac.reigate.dto.TimetableDtoTest" time="0.001"/>
  <testcase name="testEquals_Same" classname="uk.ac.reigate.dto.TimetableDtoTest" time="0.0"/>
  <testcase name="testMapFromTimetableEntity" classname="uk.ac.reigate.dto.TimetableDtoTest" time="0.001"/>
  <testcase name="testMapToTimetableEntity" classname="uk.ac.reigate.dto.TimetableDtoTest" time="0.0"/>
  <testcase name="testConstructor_Timetable" classname="uk.ac.reigate.dto.TimetableDtoTest" time="0.0"/>
  <testcase name="testMapFromTimetablesEntities" classname="uk.ac.reigate.dto.TimetableDtoTest" time="0.003"/>
  <system-out><![CDATA[]]></system-out>
  <system-err><![CDATA[]]></system-err>
</testsuite>
