<?xml version="1.0" encoding="UTF-8"?>
<testsuite name="uk.ac.reigate.dto.ApplicationStatusDtoTest" tests="9" skipped="0" failures="0" errors="0" timestamp="2018-08-30T15:12:35" hostname="CCD102873" time="0.014">
  <properties/>
  <testcase name="testHashCode_Different" classname="uk.ac.reigate.dto.ApplicationStatusDtoTest" time="0.008"/>
  <testcase name="testEquals_Different" classname="uk.ac.reigate.dto.ApplicationStatusDtoTest" time="0.001"/>
  <testcase name="testHashCode_Same" classname="uk.ac.reigate.dto.ApplicationStatusDtoTest" time="0.0"/>
  <testcase name="testEquals_Same" classname="uk.ac.reigate.dto.ApplicationStatusDtoTest" time="0.0"/>
  <testcase name="testConstructor_ApplicationStatus" classname="uk.ac.reigate.dto.ApplicationStatusDtoTest" time="0.001"/>
  <testcase name="testConstructor_academicYear" classname="uk.ac.reigate.dto.ApplicationStatusDtoTest" time="0.0"/>
  <testcase name="testMapFromApplicationStatusEntity" classname="uk.ac.reigate.dto.ApplicationStatusDtoTest" time="0.001"/>
  <testcase name="testMapFromApplicationStatusesEntities" classname="uk.ac.reigate.dto.ApplicationStatusDtoTest" time="0.002"/>
  <testcase name="testMapToApplicationStatusEntity" classname="uk.ac.reigate.dto.ApplicationStatusDtoTest" time="0.001"/>
  <system-out><![CDATA[]]></system-out>
  <system-err><![CDATA[]]></system-err>
</testsuite>
