<?xml version="1.0" encoding="UTF-8"?>
<testsuite name="uk.ac.reigate.services.ProgrammeTypeServiceTest" tests="7" skipped="0" failures="0" errors="0" timestamp="2018-08-30T15:12:37" hostname="CCD102873" time="0.011">
  <properties/>
  <testcase name="testSaveNewProgrammeType" classname="uk.ac.reigate.services.ProgrammeTypeServiceTest" time="0.006"/>
  <testcase name="testSaveProgrammeTypeByFields_WithNullId" classname="uk.ac.reigate.services.ProgrammeTypeServiceTest" time="0.001"/>
  <testcase name="testSaveProgrammeTypeByFields_WithId" classname="uk.ac.reigate.services.ProgrammeTypeServiceTest" time="0.001"/>
  <testcase name="testSaveProgrammeType" classname="uk.ac.reigate.services.ProgrammeTypeServiceTest" time="0.0"/>
  <testcase name="testSaveProgrammeTypes" classname="uk.ac.reigate.services.ProgrammeTypeServiceTest" time="0.002"/>
  <testcase name="testFindProgrammeType" classname="uk.ac.reigate.services.ProgrammeTypeServiceTest" time="0.0"/>
  <testcase name="testFindProgrammeTypes" classname="uk.ac.reigate.services.ProgrammeTypeServiceTest" time="0.001"/>
  <system-out><![CDATA[]]></system-out>
  <system-err><![CDATA[]]></system-err>
</testsuite>
