<?xml version="1.0" encoding="UTF-8"?>
<testsuite name="uk.ac.reigate.services.EntryQualificationServiceTest" tests="4" skipped="0" failures="0" errors="0" timestamp="2018-08-30T15:12:37" hostname="CCD102873" time="0.009">
  <properties/>
  <testcase name="testSaveEntryQualifications" classname="uk.ac.reigate.services.EntryQualificationServiceTest" time="0.007"/>
  <testcase name="testFindEntryQualifications" classname="uk.ac.reigate.services.EntryQualificationServiceTest" time="0.001"/>
  <testcase name="testFindEntryQualification" classname="uk.ac.reigate.services.EntryQualificationServiceTest" time="0.0"/>
  <testcase name="testSaveNewEntryQualification" classname="uk.ac.reigate.services.EntryQualificationServiceTest" time="0.001"/>
  <system-out><![CDATA[]]></system-out>
  <system-err><![CDATA[]]></system-err>
</testsuite>
