<?xml version="1.0" encoding="UTF-8"?>
<testsuite name="uk.ac.reigate.dto.AttendanceMonitoringDtoTest" tests="9" skipped="0" failures="0" errors="0" timestamp="2018-08-30T15:12:35" hostname="CCD102873" time="0.012">
  <properties/>
  <testcase name="testHashCode_Different" classname="uk.ac.reigate.dto.AttendanceMonitoringDtoTest" time="0.005"/>
  <testcase name="testEquals_Different" classname="uk.ac.reigate.dto.AttendanceMonitoringDtoTest" time="0.001"/>
  <testcase name="testHashCode_Same" classname="uk.ac.reigate.dto.AttendanceMonitoringDtoTest" time="0.0"/>
  <testcase name="testEquals_Same" classname="uk.ac.reigate.dto.AttendanceMonitoringDtoTest" time="0.0"/>
  <testcase name="testMapToAttendanceMonitoringEntity" classname="uk.ac.reigate.dto.AttendanceMonitoringDtoTest" time="0.001"/>
  <testcase name="testMapFromAttendanceMonitoringsEntities" classname="uk.ac.reigate.dto.AttendanceMonitoringDtoTest" time="0.003"/>
  <testcase name="testMapFromAttendanceMonitoringEntity" classname="uk.ac.reigate.dto.AttendanceMonitoringDtoTest" time="0.0"/>
  <testcase name="testConstructor_attendanceMonitoring" classname="uk.ac.reigate.dto.AttendanceMonitoringDtoTest" time="0.0"/>
  <testcase name="testConstructor_AttendanceMonitoring" classname="uk.ac.reigate.dto.AttendanceMonitoringDtoTest" time="0.001"/>
  <system-out><![CDATA[]]></system-out>
  <system-err><![CDATA[]]></system-err>
</testsuite>
