<?xml version="1.0" encoding="UTF-8"?>
<testsuite name="uk.ac.reigate.services.CompletionStatusServiceTest" tests="7" skipped="0" failures="0" errors="0" timestamp="2018-08-30T15:12:37" hostname="CCD102873" time="0.016">
  <properties/>
  <testcase name="testSaveNewCompletionStatus" classname="uk.ac.reigate.services.CompletionStatusServiceTest" time="0.008"/>
  <testcase name="testFindCompletionStatus" classname="uk.ac.reigate.services.CompletionStatusServiceTest" time="0.001"/>
  <testcase name="testSaveCompletionStatuses" classname="uk.ac.reigate.services.CompletionStatusServiceTest" time="0.002"/>
  <testcase name="testSaveCompletionStatusByFields_WithNullId" classname="uk.ac.reigate.services.CompletionStatusServiceTest" time="0.002"/>
  <testcase name="testSaveCompletionStatusByFields_WithId" classname="uk.ac.reigate.services.CompletionStatusServiceTest" time="0.002"/>
  <testcase name="testFindCompletionStatuses" classname="uk.ac.reigate.services.CompletionStatusServiceTest" time="0.001"/>
  <testcase name="testSaveCompletionStatus" classname="uk.ac.reigate.services.CompletionStatusServiceTest" time="0.0"/>
  <system-out><![CDATA[]]></system-out>
  <system-err><![CDATA[]]></system-err>
</testsuite>
