<?xml version="1.0" encoding="UTF-8"?>
<testsuite name="uk.ac.reigate.dto.TargetDtoTest" tests="3" skipped="0" failures="0" errors="0" timestamp="2018-08-30T15:12:36" hostname="CCD102873" time="0.008">
  <properties/>
  <testcase name="testMapFromTargetEntity" classname="uk.ac.reigate.dto.TargetDtoTest" time="0.006"/>
  <testcase name="testConstructor_Target" classname="uk.ac.reigate.dto.TargetDtoTest" time="0.0"/>
  <testcase name="testMapFromTargetsEntities" classname="uk.ac.reigate.dto.TargetDtoTest" time="0.002"/>
  <system-out><![CDATA[]]></system-out>
  <system-err><![CDATA[]]></system-err>
</testsuite>
