<?xml version="1.0" encoding="UTF-8"?>
<testsuite name="uk.ac.reigate.services.EntryQualificationTypeServiceTest" tests="4" skipped="0" failures="0" errors="0" timestamp="2018-08-30T15:12:37" hostname="CCD102873" time="0.009">
  <properties/>
  <testcase name="testSaveNewEntryQualificationType" classname="uk.ac.reigate.services.EntryQualificationTypeServiceTest" time="0.006"/>
  <testcase name="testSaveEntryQualificationTypes" classname="uk.ac.reigate.services.EntryQualificationTypeServiceTest" time="0.002"/>
  <testcase name="testFindEntryQualificationTypes" classname="uk.ac.reigate.services.EntryQualificationTypeServiceTest" time="0.0"/>
  <testcase name="testFindEntryQualificationType" classname="uk.ac.reigate.services.EntryQualificationTypeServiceTest" time="0.001"/>
  <system-out><![CDATA[]]></system-out>
  <system-err><![CDATA[]]></system-err>
</testsuite>
