<?xml version="1.0" encoding="UTF-8"?>
<testsuite name="uk.ac.reigate.dto.LLDDHealthProblemDtoTest" tests="8" skipped="0" failures="0" errors="0" timestamp="2018-08-30T15:12:35" hostname="CCD102873" time="0.009">
  <properties/>
  <testcase name="testHashCode_Different" classname="uk.ac.reigate.dto.LLDDHealthProblemDtoTest" time="0.005"/>
  <testcase name="testEquals_Different" classname="uk.ac.reigate.dto.LLDDHealthProblemDtoTest" time="0.001"/>
  <testcase name="testHashCode_Same" classname="uk.ac.reigate.dto.LLDDHealthProblemDtoTest" time="0.0"/>
  <testcase name="testEquals_Same" classname="uk.ac.reigate.dto.LLDDHealthProblemDtoTest" time="0.0"/>
  <testcase name="testConstructor_LLDDHealthProblem" classname="uk.ac.reigate.dto.LLDDHealthProblemDtoTest" time="0.0"/>
  <testcase name="testMapFromLLDDHealthProblemEntityTest" classname="uk.ac.reigate.dto.LLDDHealthProblemDtoTest" time="0.001"/>
  <testcase name="testMapToLLDDHealthProblemEntityTest" classname="uk.ac.reigate.dto.LLDDHealthProblemDtoTest" time="0.0"/>
  <testcase name="testMapFromLLDDHealthProblemsEntitiesTest" classname="uk.ac.reigate.dto.LLDDHealthProblemDtoTest" time="0.002"/>
  <system-out><![CDATA[]]></system-out>
  <system-err><![CDATA[]]></system-err>
</testsuite>
