<?xml version="1.0" encoding="UTF-8"?>
<testsuite name="uk.ac.reigate.dto.SchoolDtoTest" tests="6" skipped="0" failures="0" errors="0" timestamp="2018-08-30T15:12:36" hostname="CCD102873" time="0.011">
  <properties/>
  <testcase name="testHashCode_Different" classname="uk.ac.reigate.dto.SchoolDtoTest" time="0.008"/>
  <testcase name="testEquals_Different" classname="uk.ac.reigate.dto.SchoolDtoTest" time="0.0"/>
  <testcase name="testHashCode_Same" classname="uk.ac.reigate.dto.SchoolDtoTest" time="0.001"/>
  <testcase name="testMapFromSchoolsEntitiesTest" classname="uk.ac.reigate.dto.SchoolDtoTest" time="0.001"/>
  <testcase name="testEquals_Same" classname="uk.ac.reigate.dto.SchoolDtoTest" time="0.0"/>
  <testcase name="testMapFromSchoolEntityTest" classname="uk.ac.reigate.dto.SchoolDtoTest" time="0.001"/>
  <system-out><![CDATA[]]></system-out>
  <system-err><![CDATA[]]></system-err>
</testsuite>
