<?xml version="1.0" encoding="UTF-8"?>
<testsuite name="uk.ac.reigate.dto.GenderDtoTest" tests="8" skipped="0" failures="0" errors="0" timestamp="2018-08-30T15:12:35" hostname="CCD102873" time="0.006">
  <properties/>
  <testcase name="testHashCode_Different" classname="uk.ac.reigate.dto.GenderDtoTest" time="0.003"/>
  <testcase name="testEquals_Different" classname="uk.ac.reigate.dto.GenderDtoTest" time="0.0"/>
  <testcase name="testHashCode_Same" classname="uk.ac.reigate.dto.GenderDtoTest" time="0.0"/>
  <testcase name="testEquals_Same" classname="uk.ac.reigate.dto.GenderDtoTest" time="0.001"/>
  <testcase name="testConstructor_Gender" classname="uk.ac.reigate.dto.GenderDtoTest" time="0.0"/>
  <testcase name="testMapFromGenderEntity" classname="uk.ac.reigate.dto.GenderDtoTest" time="0.0"/>
  <testcase name="testMapToGenderEntity" classname="uk.ac.reigate.dto.GenderDtoTest" time="0.0"/>
  <testcase name="testMapFromGendersEntities" classname="uk.ac.reigate.dto.GenderDtoTest" time="0.002"/>
  <system-out><![CDATA[]]></system-out>
  <system-err><![CDATA[]]></system-err>
</testsuite>
