<?xml version="1.0" encoding="UTF-8"?>
<testsuite name="uk.ac.reigate.services.LLDDHealthProblemCategoryServiceTest" tests="7" skipped="0" failures="0" errors="0" timestamp="2018-08-30T15:12:37" hostname="CCD102873" time="0.012">
  <properties/>
  <testcase name="testFindLLDDHealthProblemCategory" classname="uk.ac.reigate.services.LLDDHealthProblemCategoryServiceTest" time="0.007"/>
  <testcase name="testFindLLDDHealthProblemCategories" classname="uk.ac.reigate.services.LLDDHealthProblemCategoryServiceTest" time="0.0"/>
  <testcase name="testSaveLLDDHealthProblemCategoryByFields_WithNullId" classname="uk.ac.reigate.services.LLDDHealthProblemCategoryServiceTest" time="0.001"/>
  <testcase name="testSaveLLDDHealthProblemCategories" classname="uk.ac.reigate.services.LLDDHealthProblemCategoryServiceTest" time="0.002"/>
  <testcase name="testSaveLLDDHealthProblemCategory" classname="uk.ac.reigate.services.LLDDHealthProblemCategoryServiceTest" time="0.001"/>
  <testcase name="testSaveNewLLDDHealthProblemCategory" classname="uk.ac.reigate.services.LLDDHealthProblemCategoryServiceTest" time="0.0"/>
  <testcase name="testSaveLLDDHealthProblemCategoryByFields_WithId" classname="uk.ac.reigate.services.LLDDHealthProblemCategoryServiceTest" time="0.001"/>
  <system-out><![CDATA[]]></system-out>
  <system-err><![CDATA[]]></system-err>
</testsuite>
