<?xml version="1.0" encoding="UTF-8"?>
<testsuite name="uk.ac.reigate.services.StaffServiceTest" tests="4" skipped="0" failures="0" errors="0" timestamp="2018-08-30T15:12:37" hostname="CCD102873" time="0.01">
  <properties/>
  <testcase name="testSaveNewStaff" classname="uk.ac.reigate.services.StaffServiceTest" time="0.008"/>
  <testcase name="testFindStaffById" classname="uk.ac.reigate.services.StaffServiceTest" time="0.001"/>
  <testcase name="testSaveStaff" classname="uk.ac.reigate.services.StaffServiceTest" time="0.0"/>
  <testcase name="testFindStaff" classname="uk.ac.reigate.services.StaffServiceTest" time="0.0"/>
  <system-out><![CDATA[]]></system-out>
  <system-err><![CDATA[]]></system-err>
</testsuite>
