<?xml version="1.0" encoding="UTF-8"?>
<testsuite name="uk.ac.reigate.dto.AddressDtoTest" tests="10" skipped="0" failures="0" errors="0" timestamp="2018-08-30T15:12:35" hostname="CCD102873" time="0.025">
  <properties/>
  <testcase name="testHashCode_Different" classname="uk.ac.reigate.dto.AddressDtoTest" time="0.013"/>
  <testcase name="testEquals_Different" classname="uk.ac.reigate.dto.AddressDtoTest" time="0.001"/>
  <testcase name="testHashCode_Same" classname="uk.ac.reigate.dto.AddressDtoTest" time="0.001"/>
  <testcase name="testEquals_Same" classname="uk.ac.reigate.dto.AddressDtoTest" time="0.0"/>
  <testcase name="testConstructor_Address" classname="uk.ac.reigate.dto.AddressDtoTest" time="0.001"/>
  <testcase name="testMapFromAddressEntity" classname="uk.ac.reigate.dto.AddressDtoTest" time="0.001"/>
  <testcase name="testMapToAddressEntity" classname="uk.ac.reigate.dto.AddressDtoTest" time="0.0"/>
  <testcase name="testMapFromAddressesEntities" classname="uk.ac.reigate.dto.AddressDtoTest" time="0.005"/>
  <testcase name="testMapToAddressCodeEntity" classname="uk.ac.reigate.dto.AddressDtoTest" time="0.001"/>
  <testcase name="testConstructor_address" classname="uk.ac.reigate.dto.AddressDtoTest" time="0.0"/>
  <system-out><![CDATA[]]></system-out>
  <system-err><![CDATA[]]></system-err>
</testsuite>
