<?xml version="1.0" encoding="UTF-8"?>
<testsuite name="uk.ac.reigate.services.TutorGroupServiceTest" tests="4" skipped="0" failures="0" errors="0" timestamp="2018-08-30T15:12:37" hostname="CCD102873" time="0.008">
  <properties/>
  <testcase name="testSaveTutorGroup" classname="uk.ac.reigate.services.TutorGroupServiceTest" time="0.007"/>
  <testcase name="testFindTutorGroup" classname="uk.ac.reigate.services.TutorGroupServiceTest" time="0.001"/>
  <testcase name="testFindTutorGroupById" classname="uk.ac.reigate.services.TutorGroupServiceTest" time="0.0"/>
  <testcase name="testSaveNewTutorGroup" classname="uk.ac.reigate.services.TutorGroupServiceTest" time="0.0"/>
  <system-out><![CDATA[]]></system-out>
  <system-err><![CDATA[]]></system-err>
</testsuite>
