<?xml version="1.0" encoding="UTF-8"?>
<testsuite name="uk.ac.reigate.dto.PossibleGradeSetDtoTest" tests="8" skipped="0" failures="0" errors="0" timestamp="2018-08-30T15:12:36" hostname="CCD102873" time="0.003">
  <properties/>
  <testcase name="testHashCode_Different" classname="uk.ac.reigate.dto.PossibleGradeSetDtoTest" time="0.001"/>
  <testcase name="testEquals_Different" classname="uk.ac.reigate.dto.PossibleGradeSetDtoTest" time="0.0"/>
  <testcase name="testHashCode_Same" classname="uk.ac.reigate.dto.PossibleGradeSetDtoTest" time="0.0"/>
  <testcase name="testEquals_Same" classname="uk.ac.reigate.dto.PossibleGradeSetDtoTest" time="0.0"/>
  <testcase name="testMapFromPossibleGradeSetsEntities" classname="uk.ac.reigate.dto.PossibleGradeSetDtoTest" time="0.001"/>
  <testcase name="testMapToPossibleGradeSetEntity" classname="uk.ac.reigate.dto.PossibleGradeSetDtoTest" time="0.001"/>
  <testcase name="testConstructor_PossibleGradeSet" classname="uk.ac.reigate.dto.PossibleGradeSetDtoTest" time="0.0"/>
  <testcase name="testMapFromPossibleGradeSetEntity" classname="uk.ac.reigate.dto.PossibleGradeSetDtoTest" time="0.0"/>
  <system-out><![CDATA[]]></system-out>
  <system-err><![CDATA[]]></system-err>
</testsuite>
