<?xml version="1.0" encoding="UTF-8"?>
<testsuite name="uk.ac.reigate.dto.CourseDtoTest" tests="8" skipped="0" failures="0" errors="0" timestamp="2018-08-30T15:12:35" hostname="CCD102873" time="0.029">
  <properties/>
  <testcase name="testHashCode_Different" classname="uk.ac.reigate.dto.CourseDtoTest" time="0.018"/>
  <testcase name="testEquals_Different" classname="uk.ac.reigate.dto.CourseDtoTest" time="0.0"/>
  <testcase name="testHashCode_Same" classname="uk.ac.reigate.dto.CourseDtoTest" time="0.0"/>
  <testcase name="testEquals_Same" classname="uk.ac.reigate.dto.CourseDtoTest" time="0.001"/>
  <testcase name="testConstructor_Course" classname="uk.ac.reigate.dto.CourseDtoTest" time="0.001"/>
  <testcase name="testMapFromCoursesEntitiesTest" classname="uk.ac.reigate.dto.CourseDtoTest" time="0.003"/>
  <testcase name="testMapFromCourseEntityTest" classname="uk.ac.reigate.dto.CourseDtoTest" time="0.001"/>
  <testcase name="testMapToCourseEntityTest" classname="uk.ac.reigate.dto.CourseDtoTest" time="0.003"/>
  <system-out><![CDATA[]]></system-out>
  <system-err><![CDATA[]]></system-err>
</testsuite>
