<?xml version="1.0" encoding="UTF-8"?>
<testsuite name="uk.ac.reigate.services.PersonServiceTest" tests="4" skipped="0" failures="0" errors="0" timestamp="2018-08-30T15:12:37" hostname="CCD102873" time="0.013">
  <properties/>
  <testcase name="testSaveNewPerson" classname="uk.ac.reigate.services.PersonServiceTest" time="0.007"/>
  <testcase name="testFindPeople" classname="uk.ac.reigate.services.PersonServiceTest" time="0.005"/>
  <testcase name="testFindPerson" classname="uk.ac.reigate.services.PersonServiceTest" time="0.0"/>
  <testcase name="testSavePerson" classname="uk.ac.reigate.services.PersonServiceTest" time="0.001"/>
  <system-out><![CDATA[]]></system-out>
  <system-err><![CDATA[]]></system-err>
</testsuite>
